time,elapsed_seconds,message
2022-08-30 13:49:26,1.7341e-05,PEST++ performance logger started
2022-08-30 13:49:26,0.00010384,starting to process control file
2022-08-30 13:49:26,0.0208444,finished processing control file
2022-08-30 13:49:26,0.0397734,starting basic model IO error checking
2022-08-30 13:49:26,0.00892911,finished basic model IO error checking
2022-08-30 13:49:26,6.1326e-05,loading parcov
2022-08-30 13:49:26,0.00373092,beginning iteration 1
2022-08-30 13:49:26,1.6591e-05,commencing to build jacobian parameter sets
2022-08-30 13:49:26,0.00216737,jacobian parameter sets built, commencing model runs
2022-08-30 14:43:04,3218.71,jacobian runs complete, processing runs
2022-08-30 14:43:05,0.0152182,processing jacobian runs complete
2022-08-30 14:43:05,5.5676e-05,saving jacobian and sen files
2022-08-30 14:43:05,0.0860079,commencing calculation of upgrade vector
2022-08-30 14:43:05,0.065278,forming JtQJ matrix
2022-08-30 14:43:05,0.0112052,commencing to scale JtQJ matrix- first SVD...
2022-08-30 14:43:05,5.1413e-05,starting REDSVD
2022-08-30 14:43:05,9.8206e-05,retrieving REDSVD components
2022-08-30 14:43:05,3.1613e-05,triming REDSVD components to 15elements
2022-08-30 14:43:05,1.4117e-05,done REDSVD
2022-08-30 14:43:05,2.2882e-05,S info: rows = 21: cols = 21: size = 441: nonzeros = 21
2022-08-30 14:43:05,5.384e-06,JS
2022-08-30 14:43:05,0.00235254,JS.transpose() * q_mat * JS + lambda * S.transpose() * S
2022-08-30 14:43:05,0.0110886,S info: rows = 21: cols = 21: size = 441: nonzeros = 21
2022-08-30 14:43:05,4.787e-05,commencing SVD factorization of lambda-scaled JtQJ
2022-08-30 14:43:05,1.0546e-05,starting REDSVD
2022-08-30 14:43:05,0.000118048,retrieving REDSVD components
2022-08-30 14:43:05,3.0668e-05,triming REDSVD components to 15elements
2022-08-30 14:43:05,1.4002e-05,done REDSVD
2022-08-30 14:43:05,5.512e-06,SVD factorization complete
2022-08-30 14:43:05,0.000256658,commencing linear algebra multiplication to compute ugrade
2022-08-30 14:43:05,1.0184e-05,S info: rows = 21: cols = 21: size = 441: nonzeros = 21Vt info: rows = 15: cols = 21: size = 315: nonzeros = 315
2022-08-30 14:43:05,5.445e-06,U info: rows = 21: cols = 15: size = 315: nonzeros = 315
2022-08-30 14:43:05,6.936e-06,jac info: rows = 15344: cols = 21: size = 322224: nonzeros = 318033
2022-08-30 14:43:05,0.00559749,linear algebra multiplication to compute ugrade complete
2022-08-30 14:43:05,6.6921e-05,commencing check of parameter bounds and gradients
2022-08-30 14:43:05,0.00234313,beginning upgrade vector calculations, lambda = 0.1
2022-08-30 14:43:05,4.6804e-05,commencing calculation of upgrade vector
2022-08-30 14:43:05,0.0660749,forming JtQJ matrix
2022-08-30 14:43:05,0.0118536,commencing to scale JtQJ matrix- first SVD...
2022-08-30 14:43:05,5.8294e-05,starting REDSVD
2022-08-30 14:43:05,6.7062e-05,retrieving REDSVD components
2022-08-30 14:43:05,1.3473e-05,triming REDSVD components to 15elements
2022-08-30 14:43:05,1.0236e-05,done REDSVD
2022-08-30 14:43:05,2.277e-05,S info: rows = 21: cols = 21: size = 441: nonzeros = 21
2022-08-30 14:43:05,1.7801e-05,JS
2022-08-30 14:43:05,0.00239956,JS.transpose() * q_mat * JS + lambda * S.transpose() * S
2022-08-30 14:43:05,0.0109306,S info: rows = 21: cols = 21: size = 441: nonzeros = 21
2022-08-30 14:43:05,4.6613e-05,commencing SVD factorization of lambda-scaled JtQJ
2022-08-30 14:43:05,9.992e-06,starting REDSVD
2022-08-30 14:43:05,0.000123087,retrieving REDSVD components
2022-08-30 14:43:05,2.5036e-05,triming REDSVD components to 18elements
2022-08-30 14:43:05,1.4851e-05,done REDSVD
2022-08-30 14:43:05,5.584e-06,SVD factorization complete
2022-08-30 14:43:05,0.000207987,commencing linear algebra multiplication to compute ugrade
2022-08-30 14:43:05,8.77e-06,S info: rows = 21: cols = 21: size = 441: nonzeros = 21Vt info: rows = 18: cols = 21: size = 378: nonzeros = 378
2022-08-30 14:43:05,5.248e-06,U info: rows = 21: cols = 18: size = 378: nonzeros = 378
2022-08-30 14:43:05,5.213e-06,jac info: rows = 15344: cols = 21: size = 322224: nonzeros = 318033
2022-08-30 14:43:05,0.00539785,linear algebra multiplication to compute ugrade complete
2022-08-30 14:43:05,6.2464e-05,commencing check of parameter bounds and gradients
2022-08-30 14:43:05,1.8529e-05,commencing calculation of upgrade vector
2022-08-30 14:43:05,0.0661286,forming JtQJ matrix
2022-08-30 14:43:05,0.0121181,commencing to scale JtQJ matrix- first SVD...
2022-08-30 14:43:05,5.711e-05,starting REDSVD
2022-08-30 14:43:05,6.7773e-05,retrieving REDSVD components
2022-08-30 14:43:05,1.3924e-05,triming REDSVD components to 15elements
2022-08-30 14:43:05,1.0852e-05,done REDSVD
2022-08-30 14:43:05,3.3971e-05,S info: rows = 21: cols = 21: size = 441: nonzeros = 21
2022-08-30 14:43:05,1.9618e-05,JS
2022-08-30 14:43:05,0.00256509,JS.transpose() * q_mat * JS + lambda * S.transpose() * S
2022-08-30 14:43:05,0.0122134,S info: rows = 21: cols = 21: size = 441: nonzeros = 21
2022-08-30 14:43:05,5.7412e-05,commencing SVD factorization of lambda-scaled JtQJ
2022-08-30 14:43:05,1.0516e-05,starting REDSVD
2022-08-30 14:43:05,0.000125809,retrieving REDSVD components
2022-08-30 14:43:05,2.67e-05,triming REDSVD components to 18elements
2022-08-30 14:43:05,1.4415e-05,done REDSVD
2022-08-30 14:43:05,5.503e-06,SVD factorization complete
2022-08-30 14:43:05,0.00022458,commencing linear algebra multiplication to compute ugrade
2022-08-30 14:43:05,1.0974e-05,S info: rows = 21: cols = 21: size = 441: nonzeros = 21Vt info: rows = 18: cols = 21: size = 378: nonzeros = 378
2022-08-30 14:43:05,5.923e-06,U info: rows = 21: cols = 18: size = 378: nonzeros = 378
2022-08-30 14:43:05,5.238e-06,jac info: rows = 15344: cols = 21: size = 322224: nonzeros = 318033
2022-08-30 14:43:05,0.00634516,linear algebra multiplication to compute ugrade complete
2022-08-30 14:43:05,7.9461e-05,commencing check of parameter bounds
2022-08-30 14:43:05,1.7538e-05,limiting out of bounds pars
2022-08-30 14:43:05,1.9007e-05,change limit/bound enforement for lambda 0.1: lower bound,PERM_P, scaling factor: 0.131744
2022-08-30 14:43:05,5.337e-06,checking for denormal floating point values
2022-08-30 14:43:05,5.791e-06,transforming upgrade pars to model pars
2022-08-30 14:43:05,6.31e-06,writing upgrade vector to csv file
2022-08-30 14:43:05,0.000124144,beginning upgrade vector calculations, lambda = 1
2022-08-30 14:43:05,4.5643e-05,commencing calculation of upgrade vector
2022-08-30 14:43:05,0.0666698,forming JtQJ matrix
2022-08-30 14:43:05,0.0110042,commencing to scale JtQJ matrix- first SVD...
2022-08-30 14:43:05,5.1632e-05,starting REDSVD
2022-08-30 14:43:05,6.5499e-05,retrieving REDSVD components
2022-08-30 14:43:05,1.3779e-05,triming REDSVD components to 15elements
2022-08-30 14:43:05,1.0031e-05,done REDSVD
2022-08-30 14:43:05,3.4263e-05,S info: rows = 21: cols = 21: size = 441: nonzeros = 21
2022-08-30 14:43:05,2.02e-05,JS
2022-08-30 14:43:05,0.00268218,JS.transpose() * q_mat * JS + lambda * S.transpose() * S
2022-08-30 14:43:05,0.0112678,S info: rows = 21: cols = 21: size = 441: nonzeros = 21
2022-08-30 14:43:05,4.6998e-05,commencing SVD factorization of lambda-scaled JtQJ
2022-08-30 14:43:05,1.0644e-05,starting REDSVD
2022-08-30 14:43:05,0.000123604,retrieving REDSVD components
2022-08-30 14:43:05,2.4889e-05,triming REDSVD components to 18elements
2022-08-30 14:43:05,1.459e-05,done REDSVD
2022-08-30 14:43:05,5.386e-06,SVD factorization complete
2022-08-30 14:43:05,0.000212293,commencing linear algebra multiplication to compute ugrade
2022-08-30 14:43:05,8.05e-06,S info: rows = 21: cols = 21: size = 441: nonzeros = 21Vt info: rows = 18: cols = 21: size = 378: nonzeros = 378
2022-08-30 14:43:05,4.998e-06,U info: rows = 21: cols = 18: size = 378: nonzeros = 378
2022-08-30 14:43:05,5.254e-06,jac info: rows = 15344: cols = 21: size = 322224: nonzeros = 318033
2022-08-30 14:43:05,0.00559715,linear algebra multiplication to compute ugrade complete
2022-08-30 14:43:05,4.8353e-05,commencing check of parameter bounds and gradients
2022-08-30 14:43:05,1.7443e-05,commencing calculation of upgrade vector
2022-08-30 14:43:05,0.0651803,forming JtQJ matrix
2022-08-30 14:43:05,0.0110269,commencing to scale JtQJ matrix- first SVD...
2022-08-30 14:43:05,5.6964e-05,starting REDSVD
2022-08-30 14:43:05,7.5256e-05,retrieving REDSVD components
2022-08-30 14:43:05,1.4858e-05,triming REDSVD components to 15elements
2022-08-30 14:43:05,2.1963e-05,done REDSVD
2022-08-30 14:43:05,2.7626e-05,S info: rows = 21: cols = 21: size = 441: nonzeros = 21
2022-08-30 14:43:05,1.6672e-05,JS
2022-08-30 14:43:05,0.00266591,JS.transpose() * q_mat * JS + lambda * S.transpose() * S
2022-08-30 14:43:05,0.011154,S info: rows = 21: cols = 21: size = 441: nonzeros = 21
2022-08-30 14:43:05,4.5722e-05,commencing SVD factorization of lambda-scaled JtQJ
2022-08-30 14:43:05,1.0398e-05,starting REDSVD
2022-08-30 14:43:05,0.000121324,retrieving REDSVD components
2022-08-30 14:43:05,1.547e-05,triming REDSVD components to 18elements
2022-08-30 14:43:05,1.181e-05,done REDSVD
2022-08-30 14:43:05,6.635e-06,SVD factorization complete
2022-08-30 14:43:05,0.000233957,commencing linear algebra multiplication to compute ugrade
2022-08-30 14:43:05,8.684e-06,S info: rows = 21: cols = 21: size = 441: nonzeros = 21Vt info: rows = 18: cols = 21: size = 378: nonzeros = 378
2022-08-30 14:43:05,5.017e-06,U info: rows = 21: cols = 18: size = 378: nonzeros = 378
2022-08-30 14:43:05,6.738e-06,jac info: rows = 15344: cols = 21: size = 322224: nonzeros = 318033
2022-08-30 14:43:05,0.00557913,linear algebra multiplication to compute ugrade complete
2022-08-30 14:43:05,5.4653e-05,commencing check of parameter bounds
2022-08-30 14:43:05,1.7524e-05,limiting out of bounds pars
2022-08-30 14:43:05,1.9634e-05,change limit/bound enforement for lambda 1: lower bound,PERM_P, scaling factor: 0.101031
2022-08-30 14:43:05,5.571e-06,checking for denormal floating point values
2022-08-30 14:43:05,5.731e-06,transforming upgrade pars to model pars
2022-08-30 14:43:05,5.851e-06,writing upgrade vector to csv file
2022-08-30 14:43:05,0.000118615,beginning upgrade vector calculations, lambda = 10
2022-08-30 14:43:05,4.4584e-05,commencing calculation of upgrade vector
2022-08-30 14:43:05,0.0646343,forming JtQJ matrix
2022-08-30 14:43:05,0.011025,commencing to scale JtQJ matrix- first SVD...
2022-08-30 14:43:05,5.6854e-05,starting REDSVD
2022-08-30 14:43:05,6.6227e-05,retrieving REDSVD components
2022-08-30 14:43:05,1.4224e-05,triming REDSVD components to 15elements
2022-08-30 14:43:05,9.428e-06,done REDSVD
2022-08-30 14:43:05,2.1971e-05,S info: rows = 21: cols = 21: size = 441: nonzeros = 21
2022-08-30 14:43:05,1.796e-05,JS
2022-08-30 14:43:05,0.00236407,JS.transpose() * q_mat * JS + lambda * S.transpose() * S
2022-08-30 14:43:05,0.0108867,S info: rows = 21: cols = 21: size = 441: nonzeros = 21
2022-08-30 14:43:05,4.4556e-05,commencing SVD factorization of lambda-scaled JtQJ
2022-08-30 14:43:05,9.933e-06,starting REDSVD
2022-08-30 14:43:05,0.000119794,retrieving REDSVD components
2022-08-30 14:43:05,2.5577e-05,triming REDSVD components to 18elements
2022-08-30 14:43:05,1.5015e-05,done REDSVD
2022-08-30 14:43:05,5.365e-06,SVD factorization complete
2022-08-30 14:43:05,0.000228037,commencing linear algebra multiplication to compute ugrade
2022-08-30 14:43:05,1.3372e-05,S info: rows = 21: cols = 21: size = 441: nonzeros = 21Vt info: rows = 18: cols = 21: size = 378: nonzeros = 378
2022-08-30 14:43:05,5.558e-06,U info: rows = 21: cols = 18: size = 378: nonzeros = 378
2022-08-30 14:43:05,4.926e-06,jac info: rows = 15344: cols = 21: size = 322224: nonzeros = 318033
2022-08-30 14:43:05,0.00542955,linear algebra multiplication to compute ugrade complete
2022-08-30 14:43:05,5.0342e-05,commencing check of parameter bounds and gradients
2022-08-30 14:43:05,1.7846e-05,commencing calculation of upgrade vector
2022-08-30 14:43:05,0.0666553,forming JtQJ matrix
2022-08-30 14:43:05,0.0110463,commencing to scale JtQJ matrix- first SVD...
2022-08-30 14:43:05,4.6528e-05,starting REDSVD
2022-08-30 14:43:05,7.4361e-05,retrieving REDSVD components
2022-08-30 14:43:05,1.812e-05,triming REDSVD components to 15elements
2022-08-30 14:43:05,1.3423e-05,done REDSVD
2022-08-30 14:43:05,2.2673e-05,S info: rows = 21: cols = 21: size = 441: nonzeros = 21
2022-08-30 14:43:05,1.6175e-05,JS
2022-08-30 14:43:05,0.00322325,JS.transpose() * q_mat * JS + lambda * S.transpose() * S
2022-08-30 14:43:05,0.0115996,S info: rows = 21: cols = 21: size = 441: nonzeros = 21
2022-08-30 14:43:05,6.9751e-05,commencing SVD factorization of lambda-scaled JtQJ
2022-08-30 14:43:05,1.0884e-05,starting REDSVD
2022-08-30 14:43:05,0.000119538,retrieving REDSVD components
2022-08-30 14:43:05,2.5561e-05,triming REDSVD components to 18elements
2022-08-30 14:43:05,1.4528e-05,done REDSVD
2022-08-30 14:43:05,5.539e-06,SVD factorization complete
2022-08-30 14:43:05,0.000215956,commencing linear algebra multiplication to compute ugrade
2022-08-30 14:43:05,8.296e-06,S info: rows = 21: cols = 21: size = 441: nonzeros = 21Vt info: rows = 18: cols = 21: size = 378: nonzeros = 378
2022-08-30 14:43:05,5.175e-06,U info: rows = 21: cols = 18: size = 378: nonzeros = 378
2022-08-30 14:43:05,4.809e-06,jac info: rows = 15344: cols = 21: size = 322224: nonzeros = 318033
2022-08-30 14:43:05,0.00581515,linear algebra multiplication to compute ugrade complete
2022-08-30 14:43:05,8.1708e-05,commencing check of parameter bounds
2022-08-30 14:43:05,2.467e-05,limiting out of bounds pars
2022-08-30 14:43:05,2.1152e-05,change limit/bound enforement for lambda 10: lower bound,PERM_P, scaling factor: 0.0972616
2022-08-30 14:43:05,5.962e-06,checking for denormal floating point values
2022-08-30 14:43:05,6.55e-06,transforming upgrade pars to model pars
2022-08-30 14:43:05,5.909e-06,writing upgrade vector to csv file
2022-08-30 14:43:05,0.000150934,beginning upgrade vector calculations, lambda = 100
2022-08-30 14:43:05,4.2427e-05,commencing calculation of upgrade vector
2022-08-30 14:43:05,0.0658659,forming JtQJ matrix
2022-08-30 14:43:05,0.0109592,commencing to scale JtQJ matrix- first SVD...
2022-08-30 14:43:05,4.911e-05,starting REDSVD
2022-08-30 14:43:05,6.4848e-05,retrieving REDSVD components
2022-08-30 14:43:05,1.3069e-05,triming REDSVD components to 15elements
2022-08-30 14:43:05,9.424e-06,done REDSVD
2022-08-30 14:43:05,2.1681e-05,S info: rows = 21: cols = 21: size = 441: nonzeros = 21
2022-08-30 14:43:05,2.6645e-05,JS
2022-08-30 14:43:05,0.00235685,JS.transpose() * q_mat * JS + lambda * S.transpose() * S
2022-08-30 14:43:05,0.0111466,S info: rows = 21: cols = 21: size = 441: nonzeros = 21
2022-08-30 14:43:05,5.1429e-05,commencing SVD factorization of lambda-scaled JtQJ
2022-08-30 14:43:05,1.0143e-05,starting REDSVD
2022-08-30 14:43:05,0.000119011,retrieving REDSVD components
2022-08-30 14:43:05,2.5165e-05,triming REDSVD components to 17elements
2022-08-30 14:43:05,1.4344e-05,done REDSVD
2022-08-30 14:43:05,5.63e-06,SVD factorization complete
2022-08-30 14:43:05,0.000192771,commencing linear algebra multiplication to compute ugrade
2022-08-30 14:43:05,9.69e-06,S info: rows = 21: cols = 21: size = 441: nonzeros = 21Vt info: rows = 17: cols = 21: size = 357: nonzeros = 357
2022-08-30 14:43:05,5.876e-06,U info: rows = 21: cols = 17: size = 357: nonzeros = 357
2022-08-30 14:43:05,5.012e-06,jac info: rows = 15344: cols = 21: size = 322224: nonzeros = 318033
2022-08-30 14:43:05,0.00548776,linear algebra multiplication to compute ugrade complete
2022-08-30 14:43:05,4.8886e-05,commencing check of parameter bounds and gradients
2022-08-30 14:43:05,1.8064e-05,commencing calculation of upgrade vector
2022-08-30 14:43:05,0.0649775,forming JtQJ matrix
2022-08-30 14:43:05,0.0112743,commencing to scale JtQJ matrix- first SVD...
2022-08-30 14:43:05,4.8657e-05,starting REDSVD
2022-08-30 14:43:05,6.5628e-05,retrieving REDSVD components
2022-08-30 14:43:05,1.3259e-05,triming REDSVD components to 15elements
2022-08-30 14:43:05,1.0571e-05,done REDSVD
2022-08-30 14:43:05,3.0369e-05,S info: rows = 21: cols = 21: size = 441: nonzeros = 21
2022-08-30 14:43:05,2.126e-05,JS
2022-08-30 14:43:05,0.00262225,JS.transpose() * q_mat * JS + lambda * S.transpose() * S
2022-08-30 14:43:05,0.0119065,S info: rows = 21: cols = 21: size = 441: nonzeros = 21
2022-08-30 14:43:05,5.6235e-05,commencing SVD factorization of lambda-scaled JtQJ
2022-08-30 14:43:05,1.0379e-05,starting REDSVD
2022-08-30 14:43:05,0.000124961,retrieving REDSVD components
2022-08-30 14:43:05,2.6923e-05,triming REDSVD components to 17elements
2022-08-30 14:43:05,1.5206e-05,done REDSVD
2022-08-30 14:43:05,5.632e-06,SVD factorization complete
2022-08-30 14:43:05,0.000242507,commencing linear algebra multiplication to compute ugrade
2022-08-30 14:43:05,1.0399e-05,S info: rows = 21: cols = 21: size = 441: nonzeros = 21Vt info: rows = 17: cols = 21: size = 357: nonzeros = 357
2022-08-30 14:43:05,5.743e-06,U info: rows = 21: cols = 17: size = 357: nonzeros = 357
2022-08-30 14:43:05,5.045e-06,jac info: rows = 15344: cols = 21: size = 322224: nonzeros = 318033
2022-08-30 14:43:05,0.00567859,linear algebra multiplication to compute ugrade complete
2022-08-30 14:43:05,5.65e-05,commencing check of parameter bounds
2022-08-30 14:43:05,1.7914e-05,limiting out of bounds pars
2022-08-30 14:43:05,1.9589e-05,change limit/bound enforement for lambda 100: lower bound,PERM_P, scaling factor: 0.401453
2022-08-30 14:43:05,5.573e-06,checking for denormal floating point values
2022-08-30 14:43:05,5.659e-06,transforming upgrade pars to model pars
2022-08-30 14:43:05,5.875e-06,writing upgrade vector to csv file
2022-08-30 14:43:05,0.0001086,beginning upgrade vector calculations, lambda = 1000
2022-08-30 14:43:05,5.8946e-05,commencing calculation of upgrade vector
2022-08-30 14:43:06,0.0655156,forming JtQJ matrix
2022-08-30 14:43:06,0.010966,commencing to scale JtQJ matrix- first SVD...
2022-08-30 14:43:06,4.7222e-05,starting REDSVD
2022-08-30 14:43:06,6.4204e-05,retrieving REDSVD components
2022-08-30 14:43:06,1.3183e-05,triming REDSVD components to 15elements
2022-08-30 14:43:06,2.0727e-05,done REDSVD
2022-08-30 14:43:06,2.8798e-05,S info: rows = 21: cols = 21: size = 441: nonzeros = 21
2022-08-30 14:43:06,1.6628e-05,JS
2022-08-30 14:43:06,0.00265152,JS.transpose() * q_mat * JS + lambda * S.transpose() * S
2022-08-30 14:43:06,0.0111197,S info: rows = 21: cols = 21: size = 441: nonzeros = 21
2022-08-30 14:43:06,4.2987e-05,commencing SVD factorization of lambda-scaled JtQJ
2022-08-30 14:43:06,9.366e-06,starting REDSVD
2022-08-30 14:43:06,0.000114568,retrieving REDSVD components
2022-08-30 14:43:06,2.4902e-05,triming REDSVD components to 16elements
2022-08-30 14:43:06,1.3452e-05,done REDSVD
2022-08-30 14:43:06,5.38e-06,SVD factorization complete
2022-08-30 14:43:06,0.000215208,commencing linear algebra multiplication to compute ugrade
2022-08-30 14:43:06,1.7758e-05,S info: rows = 21: cols = 21: size = 441: nonzeros = 21Vt info: rows = 16: cols = 21: size = 336: nonzeros = 336
2022-08-30 14:43:06,8.797e-06,U info: rows = 21: cols = 16: size = 336: nonzeros = 336
2022-08-30 14:43:06,5.313e-06,jac info: rows = 15344: cols = 21: size = 322224: nonzeros = 318033
2022-08-30 14:43:06,0.00570411,linear algebra multiplication to compute ugrade complete
2022-08-30 14:43:06,4.8914e-05,commencing check of parameter bounds and gradients
2022-08-30 14:43:06,1.7569e-05,commencing calculation of upgrade vector
2022-08-30 14:43:06,0.0651885,forming JtQJ matrix
2022-08-30 14:43:06,0.0110018,commencing to scale JtQJ matrix- first SVD...
2022-08-30 14:43:06,4.7348e-05,starting REDSVD
2022-08-30 14:43:06,6.6802e-05,retrieving REDSVD components
2022-08-30 14:43:06,1.3411e-05,triming REDSVD components to 15elements
2022-08-30 14:43:06,9.834e-06,done REDSVD
2022-08-30 14:43:06,2.2493e-05,S info: rows = 21: cols = 21: size = 441: nonzeros = 21
2022-08-30 14:43:06,5.403e-06,JS
2022-08-30 14:43:06,0.00270487,JS.transpose() * q_mat * JS + lambda * S.transpose() * S
2022-08-30 14:43:06,0.0111098,S info: rows = 21: cols = 21: size = 441: nonzeros = 21
2022-08-30 14:43:06,4.1958e-05,commencing SVD factorization of lambda-scaled JtQJ
2022-08-30 14:43:06,1.002e-05,starting REDSVD
2022-08-30 14:43:06,0.000118316,retrieving REDSVD components
2022-08-30 14:43:06,2.5498e-05,triming REDSVD components to 16elements
2022-08-30 14:43:06,1.3935e-05,done REDSVD
2022-08-30 14:43:06,5.735e-06,SVD factorization complete
2022-08-30 14:43:06,0.000227525,commencing linear algebra multiplication to compute ugrade
2022-08-30 14:43:06,1.2296e-05,S info: rows = 21: cols = 21: size = 441: nonzeros = 21Vt info: rows = 16: cols = 21: size = 336: nonzeros = 336
2022-08-30 14:43:06,1.6429e-05,U info: rows = 21: cols = 16: size = 336: nonzeros = 336
2022-08-30 14:43:06,1.0533e-05,jac info: rows = 15344: cols = 21: size = 322224: nonzeros = 318033
2022-08-30 14:43:06,0.00568244,linear algebra multiplication to compute ugrade complete
2022-08-30 14:43:06,5.0679e-05,commencing check of parameter bounds
2022-08-30 14:43:06,1.6571e-05,limiting out of bounds pars
2022-08-30 14:43:06,1.8259e-05,change limit/bound enforement for lambda 1000: ,, scaling factor: 1
2022-08-30 14:43:06,5.707e-06,checking for denormal floating point values
2022-08-30 14:43:06,6.026e-06,transforming upgrade pars to model pars
2022-08-30 14:43:06,6.168e-06,writing upgrade vector to csv file
2022-08-30 14:43:06,0.00286285,LinearAnalysis::glm_iter_fosm
2022-08-30 14:43:06,2.6917e-05,starting FOSM uncertainty analyses for iteration 0
2022-08-30 14:43:06,0.0719683,loading obscov
2022-08-30 14:43:06,0.00232826,loading parcov
2022-08-30 14:43:06,0.00106585,set_predictions
2022-08-30 14:43:06,0.00292764,parameter fosm calcs
2022-08-30 14:43:06,3.4698e-05,LinearAnalysis::calc_posterior
2022-08-30 14:43:06,1.0083e-05,LinearAnalysis::align
2022-08-30 14:43:06,0.0173965,LinearAnalysis::prior_prediction_variance()::invert obscov
2022-08-30 14:43:06,6.3588e-05,inverting diagonal matrix in place
2022-08-30 14:43:06,0.000237224,LinearAnalysis::calc_posterior() form JtQJ
2022-08-30 14:43:06,0.0161247,LinearAnalysis::calc_posterior() invert prior parcov
2022-08-30 14:43:06,7.3562e-05,LinearAnalysis::calc_posterior() form posterior parcov
2022-08-30 14:43:06,1.6161e-05,LinearAnalysis::calc_posterior() invert posterior parcov
2022-08-30 14:43:06,5.421e-06,inverting non-diagonal matrix in place
2022-08-30 15:08:05,1498.93,completed iteration 1
2022-08-30 15:08:05,0.15905,beginning iteration 2
2022-08-30 15:08:05,2.2248e-05,commencing to build jacobian parameter sets
2022-08-30 15:08:05,0.00288126,jacobian parameter sets built, commencing model runs
2022-08-30 16:01:58,3232.7,jacobian runs complete, processing runs
2022-08-30 16:01:58,0.0125922,processing jacobian runs complete
2022-08-30 16:01:58,5.1371e-05,saving jacobian and sen files
2022-08-30 16:01:58,0.0898986,commencing calculation of upgrade vector
2022-08-30 16:01:58,0.0597443,forming JtQJ matrix
2022-08-30 16:01:58,0.0102849,commencing to scale JtQJ matrix- first SVD...
2022-08-30 16:01:58,4.9563e-05,starting REDSVD
2022-08-30 16:01:58,8.644e-05,retrieving REDSVD components
2022-08-30 16:01:58,3.1773e-05,triming REDSVD components to 14elements
2022-08-30 16:01:58,1.3807e-05,done REDSVD
2022-08-30 16:01:58,2.2115e-05,S info: rows = 21: cols = 21: size = 441: nonzeros = 21
2022-08-30 16:01:58,1.671e-05,JS
2022-08-30 16:01:58,0.00262963,JS.transpose() * q_mat * JS + lambda * S.transpose() * S
2022-08-30 16:01:58,0.0113249,S info: rows = 21: cols = 21: size = 441: nonzeros = 21
2022-08-30 16:01:58,6.0665e-05,commencing SVD factorization of lambda-scaled JtQJ
2022-08-30 16:01:58,1.2237e-05,starting REDSVD
2022-08-30 16:01:58,0.000101291,retrieving REDSVD components
2022-08-30 16:01:58,2.4088e-05,triming REDSVD components to 14elements
2022-08-30 16:01:58,1.3418e-05,done REDSVD
2022-08-30 16:01:58,5.359e-06,SVD factorization complete
2022-08-30 16:01:58,0.000168608,commencing linear algebra multiplication to compute ugrade
2022-08-30 16:01:58,1.0162e-05,S info: rows = 21: cols = 21: size = 441: nonzeros = 21Vt info: rows = 14: cols = 21: size = 294: nonzeros = 294
2022-08-30 16:01:58,5.813e-06,U info: rows = 21: cols = 14: size = 294: nonzeros = 294
2022-08-30 16:01:58,5.259e-06,jac info: rows = 15344: cols = 21: size = 322224: nonzeros = 319254
2022-08-30 16:01:58,0.00584208,linear algebra multiplication to compute ugrade complete
2022-08-30 16:01:58,4.9101e-05,commencing check of parameter bounds and gradients
2022-08-30 16:01:58,0.00262681,beginning upgrade vector calculations, lambda = 0.1
2022-08-30 16:01:58,3.5004e-05,commencing calculation of upgrade vector
2022-08-30 16:01:58,0.0623434,forming JtQJ matrix
2022-08-30 16:01:58,0.0102058,commencing to scale JtQJ matrix- first SVD...
2022-08-30 16:01:58,5.3829e-05,starting REDSVD
2022-08-30 16:01:58,6.5069e-05,retrieving REDSVD components
2022-08-30 16:01:58,1.3319e-05,triming REDSVD components to 14elements
2022-08-30 16:01:58,1.0075e-05,done REDSVD
2022-08-30 16:01:58,2.2211e-05,S info: rows = 21: cols = 21: size = 441: nonzeros = 21
2022-08-30 16:01:58,5.985e-06,JS
2022-08-30 16:01:58,0.00242989,JS.transpose() * q_mat * JS + lambda * S.transpose() * S
2022-08-30 16:01:58,0.0110394,S info: rows = 21: cols = 21: size = 441: nonzeros = 21
2022-08-30 16:01:58,5.2892e-05,commencing SVD factorization of lambda-scaled JtQJ
2022-08-30 16:01:58,1.1072e-05,starting REDSVD
2022-08-30 16:01:58,0.000131027,retrieving REDSVD components
2022-08-30 16:01:58,2.6679e-05,triming REDSVD components to 17elements
2022-08-30 16:01:58,1.5084e-05,done REDSVD
2022-08-30 16:01:58,5.439e-06,SVD factorization complete
2022-08-30 16:01:58,0.000203132,commencing linear algebra multiplication to compute ugrade
2022-08-30 16:01:58,8.391e-06,S info: rows = 21: cols = 21: size = 441: nonzeros = 21Vt info: rows = 17: cols = 21: size = 357: nonzeros = 357
2022-08-30 16:01:58,5.302e-06,U info: rows = 21: cols = 17: size = 357: nonzeros = 357
2022-08-30 16:01:58,4.787e-06,jac info: rows = 15344: cols = 21: size = 322224: nonzeros = 319254
2022-08-30 16:01:58,0.00611427,linear algebra multiplication to compute ugrade complete
2022-08-30 16:01:58,6.5758e-05,commencing check of parameter bounds and gradients
2022-08-30 16:01:58,2.0224e-05,commencing calculation of upgrade vector
2022-08-30 16:01:58,0.0847468,forming JtQJ matrix
2022-08-30 16:01:58,0.0111195,commencing to scale JtQJ matrix- first SVD...
2022-08-30 16:01:58,4.998e-05,starting REDSVD
2022-08-30 16:01:58,5.4951e-05,retrieving REDSVD components
2022-08-30 16:01:58,1.275e-05,triming REDSVD components to 10elements
2022-08-30 16:01:58,9.051e-06,done REDSVD
2022-08-30 16:01:58,1.9401e-05,S info: rows = 20: cols = 20: size = 400: nonzeros = 20
2022-08-30 16:01:58,5.886e-06,JS
2022-08-30 16:01:58,0.00248879,JS.transpose() * q_mat * JS + lambda * S.transpose() * S
2022-08-30 16:01:58,0.0123453,S info: rows = 20: cols = 20: size = 400: nonzeros = 20
2022-08-30 16:01:58,4.7808e-05,commencing SVD factorization of lambda-scaled JtQJ
2022-08-30 16:01:58,9.468e-06,starting REDSVD
2022-08-30 16:01:58,0.000111239,retrieving REDSVD components
2022-08-30 16:01:58,2.4782e-05,triming REDSVD components to 17elements
2022-08-30 16:01:58,1.5469e-05,done REDSVD
2022-08-30 16:01:58,5.899e-06,SVD factorization complete
2022-08-30 16:01:58,0.000210841,commencing linear algebra multiplication to compute ugrade
2022-08-30 16:01:58,9.745e-06,S info: rows = 20: cols = 20: size = 400: nonzeros = 20Vt info: rows = 17: cols = 20: size = 340: nonzeros = 340
2022-08-30 16:01:58,5.552e-06,U info: rows = 20: cols = 17: size = 340: nonzeros = 340
2022-08-30 16:01:58,4.972e-06,jac info: rows = 15344: cols = 20: size = 306880: nonzeros = 305180
2022-08-30 16:01:58,0.00544214,linear algebra multiplication to compute ugrade complete
2022-08-30 16:01:58,4.79e-05,commencing check of parameter bounds
2022-08-30 16:01:58,1.6729e-05,limiting out of bounds pars
2022-08-30 16:01:58,4.3828e-05,change limit/bound enforement for lambda 0.1: lower bound,ALPHA_P, scaling factor: 0.10647
2022-08-30 16:01:58,2.2952e-05,checking for denormal floating point values
2022-08-30 16:01:58,1.0024e-05,transforming upgrade pars to model pars
2022-08-30 16:01:58,6.259e-06,writing upgrade vector to csv file
2022-08-30 16:01:58,0.000145595,beginning upgrade vector calculations, lambda = 1
2022-08-30 16:01:58,3.2091e-05,commencing calculation of upgrade vector
2022-08-30 16:01:58,0.0609024,forming JtQJ matrix
2022-08-30 16:01:58,0.0101788,commencing to scale JtQJ matrix- first SVD...
2022-08-30 16:01:58,4.9417e-05,starting REDSVD
2022-08-30 16:01:58,6.5152e-05,retrieving REDSVD components
2022-08-30 16:01:58,1.3241e-05,triming REDSVD components to 14elements
2022-08-30 16:01:58,1.7359e-05,done REDSVD
2022-08-30 16:01:58,2.1901e-05,S info: rows = 21: cols = 21: size = 441: nonzeros = 21
2022-08-30 16:01:58,1.7609e-05,JS
2022-08-30 16:01:58,0.00246609,JS.transpose() * q_mat * JS + lambda * S.transpose() * S
2022-08-30 16:01:58,0.0110255,S info: rows = 21: cols = 21: size = 441: nonzeros = 21
2022-08-30 16:01:58,4.6841e-05,commencing SVD factorization of lambda-scaled JtQJ
2022-08-30 16:01:58,1.0463e-05,starting REDSVD
2022-08-30 16:01:58,0.000128118,retrieving REDSVD components
2022-08-30 16:01:58,2.4704e-05,triming REDSVD components to 17elements
2022-08-30 16:01:58,1.4749e-05,done REDSVD
2022-08-30 16:01:58,5.377e-06,SVD factorization complete
2022-08-30 16:01:58,0.00020785,commencing linear algebra multiplication to compute ugrade
2022-08-30 16:01:58,1.803e-05,S info: rows = 21: cols = 21: size = 441: nonzeros = 21Vt info: rows = 17: cols = 21: size = 357: nonzeros = 357
2022-08-30 16:01:58,8.414e-06,U info: rows = 21: cols = 17: size = 357: nonzeros = 357
2022-08-30 16:01:58,5.135e-06,jac info: rows = 15344: cols = 21: size = 322224: nonzeros = 319254
2022-08-30 16:01:58,0.00555964,linear algebra multiplication to compute ugrade complete
2022-08-30 16:01:58,5.0146e-05,commencing check of parameter bounds and gradients
2022-08-30 16:01:58,1.8725e-05,commencing calculation of upgrade vector
2022-08-30 16:01:58,0.0819366,forming JtQJ matrix
2022-08-30 16:01:58,0.00936368,commencing to scale JtQJ matrix- first SVD...
2022-08-30 16:01:58,4.9993e-05,starting REDSVD
2022-08-30 16:01:58,5.529e-05,retrieving REDSVD components
2022-08-30 16:01:58,1.3084e-05,triming REDSVD components to 10elements
2022-08-30 16:01:58,9.099e-06,done REDSVD
2022-08-30 16:01:58,1.8765e-05,S info: rows = 20: cols = 20: size = 400: nonzeros = 20
2022-08-30 16:01:58,1.6591e-05,JS
2022-08-30 16:01:58,0.00217846,JS.transpose() * q_mat * JS + lambda * S.transpose() * S
2022-08-30 16:01:58,0.0102679,S info: rows = 20: cols = 20: size = 400: nonzeros = 20
2022-08-30 16:01:58,4.44e-05,commencing SVD factorization of lambda-scaled JtQJ
2022-08-30 16:01:58,1.015e-05,starting REDSVD
2022-08-30 16:01:58,0.000109313,retrieving REDSVD components
2022-08-30 16:01:58,2.4391e-05,triming REDSVD components to 17elements
2022-08-30 16:01:58,1.4803e-05,done REDSVD
2022-08-30 16:01:58,5.356e-06,SVD factorization complete
2022-08-30 16:01:58,0.000200561,commencing linear algebra multiplication to compute ugrade
2022-08-30 16:01:58,8.337e-06,S info: rows = 20: cols = 20: size = 400: nonzeros = 20Vt info: rows = 17: cols = 20: size = 340: nonzeros = 340
2022-08-30 16:01:58,5.239e-06,U info: rows = 20: cols = 17: size = 340: nonzeros = 340
2022-08-30 16:01:58,5.131e-06,jac info: rows = 15344: cols = 20: size = 306880: nonzeros = 305180
2022-08-30 16:01:58,0.00537338,linear algebra multiplication to compute ugrade complete
2022-08-30 16:01:58,5.3527e-05,commencing check of parameter bounds
2022-08-30 16:01:58,1.742e-05,limiting out of bounds pars
2022-08-30 16:01:58,1.8529e-05,change limit/bound enforement for lambda 1: upper bound,PERM_M, scaling factor: 0.221927
2022-08-30 16:01:58,5.584e-06,checking for denormal floating point values
2022-08-30 16:01:58,5.933e-06,transforming upgrade pars to model pars
2022-08-30 16:01:58,5.941e-06,writing upgrade vector to csv file
2022-08-30 16:01:58,0.000104954,beginning upgrade vector calculations, lambda = 10
2022-08-30 16:01:58,3.11e-05,commencing calculation of upgrade vector
2022-08-30 16:01:58,0.0624534,forming JtQJ matrix
2022-08-30 16:01:58,0.010184,commencing to scale JtQJ matrix- first SVD...
2022-08-30 16:01:58,5.1174e-05,starting REDSVD
2022-08-30 16:01:58,6.6604e-05,retrieving REDSVD components
2022-08-30 16:01:58,1.2921e-05,triming REDSVD components to 14elements
2022-08-30 16:01:58,9.841e-06,done REDSVD
2022-08-30 16:01:58,3.4162e-05,S info: rows = 21: cols = 21: size = 441: nonzeros = 21
2022-08-30 16:01:58,9.981e-06,JS
2022-08-30 16:01:58,0.00236949,JS.transpose() * q_mat * JS + lambda * S.transpose() * S
2022-08-30 16:01:58,0.0116342,S info: rows = 21: cols = 21: size = 441: nonzeros = 21
2022-08-30 16:01:58,5.9565e-05,commencing SVD factorization of lambda-scaled JtQJ
2022-08-30 16:01:58,1.1437e-05,starting REDSVD
2022-08-30 16:01:58,0.000134769,retrieving REDSVD components
2022-08-30 16:01:58,5.5361e-05,triming REDSVD components to 17elements
2022-08-30 16:01:58,3.0184e-05,done REDSVD
2022-08-30 16:01:58,5.741e-06,SVD factorization complete
2022-08-30 16:01:58,0.000203017,commencing linear algebra multiplication to compute ugrade
2022-08-30 16:01:58,8.327e-06,S info: rows = 21: cols = 21: size = 441: nonzeros = 21Vt info: rows = 17: cols = 21: size = 357: nonzeros = 357
2022-08-30 16:01:58,5.033e-06,U info: rows = 21: cols = 17: size = 357: nonzeros = 357
2022-08-30 16:01:58,5.042e-06,jac info: rows = 15344: cols = 21: size = 322224: nonzeros = 319254
2022-08-30 16:01:58,0.00564539,linear algebra multiplication to compute ugrade complete
2022-08-30 16:01:58,0.000105591,commencing check of parameter bounds and gradients
2022-08-30 16:01:58,1.8435e-05,commencing calculation of upgrade vector
2022-08-30 16:01:58,0.0813201,forming JtQJ matrix
2022-08-30 16:01:58,0.00937432,commencing to scale JtQJ matrix- first SVD...
2022-08-30 16:01:58,4.872e-05,starting REDSVD
2022-08-30 16:01:58,5.5176e-05,retrieving REDSVD components
2022-08-30 16:01:58,1.2554e-05,triming REDSVD components to 10elements
2022-08-30 16:01:58,9.415e-06,done REDSVD
2022-08-30 16:01:58,1.9173e-05,S info: rows = 20: cols = 20: size = 400: nonzeros = 20
2022-08-30 16:01:58,7.353e-06,JS
2022-08-30 16:01:58,0.00216846,JS.transpose() * q_mat * JS + lambda * S.transpose() * S
2022-08-30 16:01:58,0.010199,S info: rows = 20: cols = 20: size = 400: nonzeros = 20
2022-08-30 16:01:58,4.303e-05,commencing SVD factorization of lambda-scaled JtQJ
2022-08-30 16:01:58,9.429e-06,starting REDSVD
2022-08-30 16:01:58,0.000108253,retrieving REDSVD components
2022-08-30 16:01:58,2.4308e-05,triming REDSVD components to 17elements
2022-08-30 16:01:58,1.4338e-05,done REDSVD
2022-08-30 16:01:58,5.302e-06,SVD factorization complete
2022-08-30 16:01:58,0.000199944,commencing linear algebra multiplication to compute ugrade
2022-08-30 16:01:58,8.476e-06,S info: rows = 20: cols = 20: size = 400: nonzeros = 20Vt info: rows = 17: cols = 20: size = 340: nonzeros = 340
2022-08-30 16:01:58,5.039e-06,U info: rows = 20: cols = 17: size = 340: nonzeros = 340
2022-08-30 16:01:58,4.788e-06,jac info: rows = 15344: cols = 20: size = 306880: nonzeros = 305180
2022-08-30 16:01:58,0.00541572,linear algebra multiplication to compute ugrade complete
2022-08-30 16:01:58,4.793e-05,commencing check of parameter bounds
2022-08-30 16:01:58,1.6666e-05,limiting out of bounds pars
2022-08-30 16:01:58,1.8733e-05,change limit/bound enforement for lambda 10: upper bound,PERM_M, scaling factor: 0.271764
2022-08-30 16:01:58,5.552e-06,checking for denormal floating point values
2022-08-30 16:01:58,5.8e-06,transforming upgrade pars to model pars
2022-08-30 16:01:58,6.039e-06,writing upgrade vector to csv file
2022-08-30 16:01:58,0.000106101,beginning upgrade vector calculations, lambda = 100
2022-08-30 16:01:58,3.4302e-05,commencing calculation of upgrade vector
2022-08-30 16:01:58,0.0611095,forming JtQJ matrix
2022-08-30 16:01:58,0.0101702,commencing to scale JtQJ matrix- first SVD...
2022-08-30 16:01:58,4.9435e-05,starting REDSVD
2022-08-30 16:01:58,6.4065e-05,retrieving REDSVD components
2022-08-30 16:01:58,1.374e-05,triming REDSVD components to 14elements
2022-08-30 16:01:58,9.569e-06,done REDSVD
2022-08-30 16:01:58,2.1942e-05,S info: rows = 21: cols = 21: size = 441: nonzeros = 21
2022-08-30 16:01:58,1.6876e-05,JS
2022-08-30 16:01:58,0.00238069,JS.transpose() * q_mat * JS + lambda * S.transpose() * S
2022-08-30 16:01:58,0.0108675,S info: rows = 21: cols = 21: size = 441: nonzeros = 21
2022-08-30 16:01:58,4.2279e-05,commencing SVD factorization of lambda-scaled JtQJ
2022-08-30 16:01:58,9.379e-06,starting REDSVD
2022-08-30 16:01:58,0.000123701,retrieving REDSVD components
2022-08-30 16:01:58,2.4996e-05,triming REDSVD components to 16elements
2022-08-30 16:01:58,1.4186e-05,done REDSVD
2022-08-30 16:01:58,1.3735e-05,SVD factorization complete
2022-08-30 16:01:58,0.000199507,commencing linear algebra multiplication to compute ugrade
2022-08-30 16:01:58,1.0396e-05,S info: rows = 21: cols = 21: size = 441: nonzeros = 21Vt info: rows = 16: cols = 21: size = 336: nonzeros = 336
2022-08-30 16:01:58,5.544e-06,U info: rows = 21: cols = 16: size = 336: nonzeros = 336
2022-08-30 16:01:58,4.924e-06,jac info: rows = 15344: cols = 21: size = 322224: nonzeros = 319254
2022-08-30 16:01:58,0.00573044,linear algebra multiplication to compute ugrade complete
2022-08-30 16:01:58,5.735e-05,commencing check of parameter bounds and gradients
2022-08-30 16:01:58,1.7718e-05,commencing calculation of upgrade vector
2022-08-30 16:01:59,0.0812078,forming JtQJ matrix
2022-08-30 16:01:59,0.00936994,commencing to scale JtQJ matrix- first SVD...
2022-08-30 16:01:59,5.837e-05,starting REDSVD
2022-08-30 16:01:59,5.6729e-05,retrieving REDSVD components
2022-08-30 16:01:59,1.2818e-05,triming REDSVD components to 10elements
2022-08-30 16:01:59,9.13e-06,done REDSVD
2022-08-30 16:01:59,1.9552e-05,S info: rows = 20: cols = 20: size = 400: nonzeros = 20
2022-08-30 16:01:59,7.235e-06,JS
2022-08-30 16:01:59,0.00221756,JS.transpose() * q_mat * JS + lambda * S.transpose() * S
2022-08-30 16:01:59,0.0104382,S info: rows = 20: cols = 20: size = 400: nonzeros = 20
2022-08-30 16:01:59,5.438e-05,commencing SVD factorization of lambda-scaled JtQJ
2022-08-30 16:01:59,1.0695e-05,starting REDSVD
2022-08-30 16:01:59,0.00010907,retrieving REDSVD components
2022-08-30 16:01:59,2.6307e-05,triming REDSVD components to 17elements
2022-08-30 16:01:59,1.4292e-05,done REDSVD
2022-08-30 16:01:59,5.473e-06,SVD factorization complete
2022-08-30 16:01:59,0.000191358,commencing linear algebra multiplication to compute ugrade
2022-08-30 16:01:59,3.4901e-05,S info: rows = 20: cols = 20: size = 400: nonzeros = 20Vt info: rows = 17: cols = 20: size = 340: nonzeros = 340
2022-08-30 16:01:59,2.5069e-05,U info: rows = 20: cols = 17: size = 340: nonzeros = 340
2022-08-30 16:01:59,5.337e-06,jac info: rows = 15344: cols = 20: size = 306880: nonzeros = 305180
2022-08-30 16:01:59,0.0054,linear algebra multiplication to compute ugrade complete
2022-08-30 16:01:59,4.6297e-05,commencing check of parameter bounds
2022-08-30 16:01:59,1.6754e-05,limiting out of bounds pars
2022-08-30 16:01:59,1.9261e-05,change limit/bound enforement for lambda 100: upper bound,PERM_M, scaling factor: 0.284295
2022-08-30 16:01:59,5.479e-06,checking for denormal floating point values
2022-08-30 16:01:59,5.588e-06,transforming upgrade pars to model pars
2022-08-30 16:01:59,5.549e-06,writing upgrade vector to csv file
2022-08-30 16:01:59,0.000105488,beginning upgrade vector calculations, lambda = 1000
2022-08-30 16:01:59,3.2195e-05,commencing calculation of upgrade vector
2022-08-30 16:01:59,0.0626998,forming JtQJ matrix
2022-08-30 16:01:59,0.0107288,commencing to scale JtQJ matrix- first SVD...
2022-08-30 16:01:59,5.3984e-05,starting REDSVD
2022-08-30 16:01:59,6.492e-05,retrieving REDSVD components
2022-08-30 16:01:59,1.4205e-05,triming REDSVD components to 14elements
2022-08-30 16:01:59,9.797e-06,done REDSVD
2022-08-30 16:01:59,2.135e-05,S info: rows = 21: cols = 21: size = 441: nonzeros = 21
2022-08-30 16:01:59,1.6622e-05,JS
2022-08-30 16:01:59,0.00239451,JS.transpose() * q_mat * JS + lambda * S.transpose() * S
2022-08-30 16:01:59,0.0109704,S info: rows = 21: cols = 21: size = 441: nonzeros = 21
2022-08-30 16:01:59,4.67e-05,commencing SVD factorization of lambda-scaled JtQJ
2022-08-30 16:01:59,9.654e-06,starting REDSVD
2022-08-30 16:01:59,0.000139174,retrieving REDSVD components
2022-08-30 16:01:59,2.9334e-05,triming REDSVD components to 15elements
2022-08-30 16:01:59,1.4155e-05,done REDSVD
2022-08-30 16:01:59,5.452e-06,SVD factorization complete
2022-08-30 16:01:59,0.000194024,commencing linear algebra multiplication to compute ugrade
2022-08-30 16:01:59,9.879e-06,S info: rows = 21: cols = 21: size = 441: nonzeros = 21Vt info: rows = 15: cols = 21: size = 315: nonzeros = 315
2022-08-30 16:01:59,8.716e-06,U info: rows = 21: cols = 15: size = 315: nonzeros = 315
2022-08-30 16:01:59,5.524e-06,jac info: rows = 15344: cols = 21: size = 322224: nonzeros = 319254
2022-08-30 16:01:59,0.00554235,linear algebra multiplication to compute ugrade complete
2022-08-30 16:01:59,5.5223e-05,commencing check of parameter bounds and gradients
2022-08-30 16:01:59,2.8878e-05,commencing calculation of upgrade vector
2022-08-30 16:01:59,0.0611924,forming JtQJ matrix
2022-08-30 16:01:59,0.0103638,commencing to scale JtQJ matrix- first SVD...
2022-08-30 16:01:59,5.8738e-05,starting REDSVD
2022-08-30 16:01:59,6.7603e-05,retrieving REDSVD components
2022-08-30 16:01:59,1.3286e-05,triming REDSVD components to 14elements
2022-08-30 16:01:59,1.0376e-05,done REDSVD
2022-08-30 16:01:59,3.4156e-05,S info: rows = 21: cols = 21: size = 441: nonzeros = 21
2022-08-30 16:01:59,1.9432e-05,JS
2022-08-30 16:01:59,0.00236797,JS.transpose() * q_mat * JS + lambda * S.transpose() * S
2022-08-30 16:01:59,0.0111429,S info: rows = 21: cols = 21: size = 441: nonzeros = 21
2022-08-30 16:01:59,4.9056e-05,commencing SVD factorization of lambda-scaled JtQJ
2022-08-30 16:01:59,9.943e-06,starting REDSVD
2022-08-30 16:01:59,0.000132755,retrieving REDSVD components
2022-08-30 16:01:59,2.5339e-05,triming REDSVD components to 15elements
2022-08-30 16:01:59,1.42e-05,done REDSVD
2022-08-30 16:01:59,5.464e-06,SVD factorization complete
2022-08-30 16:01:59,0.000183443,commencing linear algebra multiplication to compute ugrade
2022-08-30 16:01:59,8.539e-06,S info: rows = 21: cols = 21: size = 441: nonzeros = 21Vt info: rows = 15: cols = 21: size = 315: nonzeros = 315
2022-08-30 16:01:59,5.202e-06,U info: rows = 21: cols = 15: size = 315: nonzeros = 315
2022-08-30 16:01:59,4.91e-06,jac info: rows = 15344: cols = 21: size = 322224: nonzeros = 319254
2022-08-30 16:01:59,0.00555974,linear algebra multiplication to compute ugrade complete
2022-08-30 16:01:59,4.8896e-05,commencing check of parameter bounds
2022-08-30 16:01:59,1.6063e-05,limiting out of bounds pars
2022-08-30 16:01:59,1.8285e-05,change limit/bound enforement for lambda 1000: ,, scaling factor: 1
2022-08-30 16:01:59,5.702e-06,checking for denormal floating point values
2022-08-30 16:01:59,5.678e-06,transforming upgrade pars to model pars
2022-08-30 16:01:59,6.079e-06,writing upgrade vector to csv file
2022-08-30 16:01:59,0.00301638,LinearAnalysis::glm_iter_fosm
2022-08-30 16:01:59,3.0164e-05,starting FOSM uncertainty analyses for iteration 1
2022-08-30 16:01:59,0.0533817,loading obscov
2022-08-30 16:01:59,0.0019089,loading parcov
2022-08-30 16:01:59,0.00102117,set_predictions
2022-08-30 16:01:59,0.00300416,parameter fosm calcs
2022-08-30 16:01:59,2.7044e-05,LinearAnalysis::calc_posterior
2022-08-30 16:01:59,9.301e-06,LinearAnalysis::align
2022-08-30 16:01:59,0.0151981,LinearAnalysis::prior_prediction_variance()::invert obscov
2022-08-30 16:01:59,3.7326e-05,inverting diagonal matrix in place
2022-08-30 16:01:59,0.000234397,LinearAnalysis::calc_posterior() form JtQJ
2022-08-30 16:01:59,0.0166096,LinearAnalysis::calc_posterior() invert prior parcov
2022-08-30 16:01:59,0.000105143,LinearAnalysis::calc_posterior() form posterior parcov
2022-08-30 16:01:59,1.6973e-05,LinearAnalysis::calc_posterior() invert posterior parcov
2022-08-30 16:01:59,5.446e-06,inverting non-diagonal matrix in place
2022-08-30 16:26:09,1449.92,completed iteration 2
2022-08-30 16:26:09,0.247025,beginning iteration 3
2022-08-30 16:26:09,2.3105e-05,commencing to build jacobian parameter sets
2022-08-30 16:26:09,0.00335046,jacobian parameter sets built, commencing model runs
2022-08-31 08:34:14,58084.8,jacobian runs complete, processing runs
2022-08-31 08:34:14,0.154718,processing jacobian runs complete
2022-08-31 08:34:14,6.191e-05,saving jacobian and sen files
2022-08-31 08:34:14,0.0944517,commencing calculation of upgrade vector
2022-08-31 08:34:14,0.0622837,forming JtQJ matrix
2022-08-31 08:34:14,0.0104044,commencing to scale JtQJ matrix- first SVD...
2022-08-31 08:34:14,5.1821e-05,starting REDSVD
2022-08-31 08:34:14,9.7321e-05,retrieving REDSVD components
2022-08-31 08:34:14,4.132e-05,triming REDSVD components to 14elements
2022-08-31 08:34:14,1.4685e-05,done REDSVD
2022-08-31 08:34:14,2.2887e-05,S info: rows = 21: cols = 21: size = 441: nonzeros = 21
2022-08-31 08:34:14,5.363e-06,JS
2022-08-31 08:34:14,0.00284767,JS.transpose() * q_mat * JS + lambda * S.transpose() * S
2022-08-31 08:34:14,0.0119221,S info: rows = 21: cols = 21: size = 441: nonzeros = 21
2022-08-31 08:34:14,4.6499e-05,commencing SVD factorization of lambda-scaled JtQJ
2022-08-31 08:34:14,1.0082e-05,starting REDSVD
2022-08-31 08:34:14,0.00011396,retrieving REDSVD components
2022-08-31 08:34:14,3.3249e-05,triming REDSVD components to 16elements
2022-08-31 08:34:14,1.5319e-05,done REDSVD
2022-08-31 08:34:14,5.61e-06,SVD factorization complete
2022-08-31 08:34:14,0.000154773,commencing linear algebra multiplication to compute ugrade
2022-08-31 08:34:14,6.339e-06,S info: rows = 21: cols = 21: size = 441: nonzeros = 21Vt info: rows = 16: cols = 21: size = 336: nonzeros = 336
2022-08-31 08:34:14,5.005e-06,U info: rows = 21: cols = 16: size = 336: nonzeros = 336
2022-08-31 08:34:14,5.17e-06,jac info: rows = 15344: cols = 21: size = 322224: nonzeros = 320458
2022-08-31 08:34:14,0.00655132,linear algebra multiplication to compute ugrade complete
2022-08-31 08:34:14,7.3123e-05,commencing check of parameter bounds and gradients
2022-08-31 08:34:14,0.00314395,beginning upgrade vector calculations, lambda = 0.1
2022-08-31 08:34:14,3.4987e-05,commencing calculation of upgrade vector
2022-08-31 08:34:14,0.0878649,forming JtQJ matrix
2022-08-31 08:34:14,0.00919029,commencing to scale JtQJ matrix- first SVD...
2022-08-31 08:34:14,4.7808e-05,starting REDSVD
2022-08-31 08:34:14,6.3798e-05,retrieving REDSVD components
2022-08-31 08:34:14,1.824e-05,triming REDSVD components to 9elements
2022-08-31 08:34:14,9.402e-06,done REDSVD
2022-08-31 08:34:14,1.9048e-05,S info: rows = 19: cols = 19: size = 361: nonzeros = 19
2022-08-31 08:34:14,1.6336e-05,JS
2022-08-31 08:34:14,0.00280478,JS.transpose() * q_mat * JS + lambda * S.transpose() * S
2022-08-31 08:34:14,0.0107799,S info: rows = 19: cols = 19: size = 361: nonzeros = 19
2022-08-31 08:34:14,4.8368e-05,commencing SVD factorization of lambda-scaled JtQJ
2022-08-31 08:34:14,1.0046e-05,starting REDSVD
2022-08-31 08:34:14,9.5538e-05,retrieving REDSVD components
2022-08-31 08:34:14,2.5394e-05,triming REDSVD components to 15elements
2022-08-31 08:34:14,1.3784e-05,done REDSVD
2022-08-31 08:34:14,6.388e-06,SVD factorization complete
2022-08-31 08:34:14,0.000183477,commencing linear algebra multiplication to compute ugrade
2022-08-31 08:34:14,8.652e-06,S info: rows = 19: cols = 19: size = 361: nonzeros = 19Vt info: rows = 15: cols = 19: size = 285: nonzeros = 285
2022-08-31 08:34:14,5.384e-06,U info: rows = 19: cols = 15: size = 285: nonzeros = 285
2022-08-31 08:34:14,4.796e-06,jac info: rows = 15344: cols = 19: size = 291536: nonzeros = 290492
2022-08-31 08:34:14,0.00810599,linear algebra multiplication to compute ugrade complete
2022-08-31 08:34:14,8.5773e-05,commencing check of parameter bounds and gradients
2022-08-31 08:34:14,3.2579e-05,commencing calculation of upgrade vector
2022-08-31 08:34:14,0.0899359,forming JtQJ matrix
2022-08-31 08:34:14,0.00888487,commencing to scale JtQJ matrix- first SVD...
2022-08-31 08:34:14,5.1978e-05,starting REDSVD
2022-08-31 08:34:14,5.7751e-05,retrieving REDSVD components
2022-08-31 08:34:14,1.311e-05,triming REDSVD components to 9elements
2022-08-31 08:34:14,9.265e-06,done REDSVD
2022-08-31 08:34:14,3.1539e-05,S info: rows = 19: cols = 19: size = 361: nonzeros = 19
2022-08-31 08:34:14,9.595e-06,JS
2022-08-31 08:34:14,0.00257512,JS.transpose() * q_mat * JS + lambda * S.transpose() * S
2022-08-31 08:34:14,0.00984879,S info: rows = 19: cols = 19: size = 361: nonzeros = 19
2022-08-31 08:34:14,5.2605e-05,commencing SVD factorization of lambda-scaled JtQJ
2022-08-31 08:34:14,9.962e-06,starting REDSVD
2022-08-31 08:34:14,9.5714e-05,retrieving REDSVD components
2022-08-31 08:34:14,2.4567e-05,triming REDSVD components to 15elements
2022-08-31 08:34:14,2.2231e-05,done REDSVD
2022-08-31 08:34:14,6.039e-06,SVD factorization complete
2022-08-31 08:34:14,0.000175453,commencing linear algebra multiplication to compute ugrade
2022-08-31 08:34:14,8.777e-06,S info: rows = 19: cols = 19: size = 361: nonzeros = 19Vt info: rows = 15: cols = 19: size = 285: nonzeros = 285
2022-08-31 08:34:14,5.259e-06,U info: rows = 19: cols = 15: size = 285: nonzeros = 285
2022-08-31 08:34:14,4.904e-06,jac info: rows = 15344: cols = 19: size = 291536: nonzeros = 290492
2022-08-31 08:34:14,0.00593755,linear algebra multiplication to compute ugrade complete
2022-08-31 08:34:14,7.4805e-05,commencing check of parameter bounds
2022-08-31 08:34:14,1.8048e-05,limiting out of bounds pars
2022-08-31 08:34:14,1.8557e-05,change limit/bound enforement for lambda 0.1: upper bound,PERM_M, scaling factor: 0.0121029
2022-08-31 08:34:14,5.815e-06,checking for denormal floating point values
2022-08-31 08:34:14,5.974e-06,transforming upgrade pars to model pars
2022-08-31 08:34:14,6.19e-06,writing upgrade vector to csv file
2022-08-31 08:34:14,0.000150214,beginning upgrade vector calculations, lambda = 1
2022-08-31 08:34:14,3.3356e-05,commencing calculation of upgrade vector
2022-08-31 08:34:14,0.0958583,forming JtQJ matrix
2022-08-31 08:34:14,0.0098955,commencing to scale JtQJ matrix- first SVD...
2022-08-31 08:34:14,5.7337e-05,starting REDSVD
2022-08-31 08:34:14,5.79e-05,retrieving REDSVD components
2022-08-31 08:34:14,1.2491e-05,triming REDSVD components to 9elements
2022-08-31 08:34:14,2.1818e-05,done REDSVD
2022-08-31 08:34:14,2.4185e-05,S info: rows = 19: cols = 19: size = 361: nonzeros = 19
2022-08-31 08:34:14,1.6337e-05,JS
2022-08-31 08:34:14,0.00288304,JS.transpose() * q_mat * JS + lambda * S.transpose() * S
2022-08-31 08:34:14,0.0110986,S info: rows = 19: cols = 19: size = 361: nonzeros = 19
2022-08-31 08:34:14,6.1007e-05,commencing SVD factorization of lambda-scaled JtQJ
2022-08-31 08:34:14,1.0556e-05,starting REDSVD
2022-08-31 08:34:14,9.5183e-05,retrieving REDSVD components
2022-08-31 08:34:14,2.5964e-05,triming REDSVD components to 15elements
2022-08-31 08:34:14,1.4629e-05,done REDSVD
2022-08-31 08:34:14,1.7378e-05,SVD factorization complete
2022-08-31 08:34:14,0.000195334,commencing linear algebra multiplication to compute ugrade
2022-08-31 08:34:14,9.745e-06,S info: rows = 19: cols = 19: size = 361: nonzeros = 19Vt info: rows = 15: cols = 19: size = 285: nonzeros = 285
2022-08-31 08:34:14,5.735e-06,U info: rows = 19: cols = 15: size = 285: nonzeros = 285
2022-08-31 08:34:14,5.116e-06,jac info: rows = 15344: cols = 19: size = 291536: nonzeros = 290492
2022-08-31 08:34:15,0.00629536,linear algebra multiplication to compute ugrade complete
2022-08-31 08:34:15,7.6845e-05,commencing check of parameter bounds and gradients
2022-08-31 08:34:15,2.1841e-05,commencing calculation of upgrade vector
2022-08-31 08:34:15,0.0879658,forming JtQJ matrix
2022-08-31 08:34:15,0.00930614,commencing to scale JtQJ matrix- first SVD...
2022-08-31 08:34:15,4.9285e-05,starting REDSVD
2022-08-31 08:34:15,5.7329e-05,retrieving REDSVD components
2022-08-31 08:34:15,1.2882e-05,triming REDSVD components to 9elements
2022-08-31 08:34:15,9.098e-06,done REDSVD
2022-08-31 08:34:15,1.9212e-05,S info: rows = 19: cols = 19: size = 361: nonzeros = 19
2022-08-31 08:34:15,7.453e-06,JS
2022-08-31 08:34:15,0.00265649,JS.transpose() * q_mat * JS + lambda * S.transpose() * S
2022-08-31 08:34:15,0.00977517,S info: rows = 19: cols = 19: size = 361: nonzeros = 19
2022-08-31 08:34:15,7.8871e-05,commencing SVD factorization of lambda-scaled JtQJ
2022-08-31 08:34:15,1.3093e-05,starting REDSVD
2022-08-31 08:34:15,9.7373e-05,retrieving REDSVD components
2022-08-31 08:34:15,2.618e-05,triming REDSVD components to 15elements
2022-08-31 08:34:15,1.45e-05,done REDSVD
2022-08-31 08:34:15,5.538e-06,SVD factorization complete
2022-08-31 08:34:15,0.0001801,commencing linear algebra multiplication to compute ugrade
2022-08-31 08:34:15,9.946e-06,S info: rows = 19: cols = 19: size = 361: nonzeros = 19Vt info: rows = 15: cols = 19: size = 285: nonzeros = 285
2022-08-31 08:34:15,1.3288e-05,U info: rows = 19: cols = 15: size = 285: nonzeros = 285
2022-08-31 08:34:15,6.555e-06,jac info: rows = 15344: cols = 19: size = 291536: nonzeros = 290492
2022-08-31 08:34:15,0.00599657,linear algebra multiplication to compute ugrade complete
2022-08-31 08:34:15,7.7111e-05,commencing check of parameter bounds
2022-08-31 08:34:15,1.7813e-05,limiting out of bounds pars
2022-08-31 08:34:15,1.8336e-05,change limit/bound enforement for lambda 1: upper bound,PERM_M, scaling factor: 0.0116568
2022-08-31 08:34:15,5.663e-06,checking for denormal floating point values
2022-08-31 08:34:15,5.805e-06,transforming upgrade pars to model pars
2022-08-31 08:34:15,6.084e-06,writing upgrade vector to csv file
2022-08-31 08:34:15,0.000141006,beginning upgrade vector calculations, lambda = 10
2022-08-31 08:34:15,1.8588e-05,commencing calculation of upgrade vector
2022-08-31 08:34:15,0.0873066,forming JtQJ matrix
2022-08-31 08:34:15,0.00961707,commencing to scale JtQJ matrix- first SVD...
2022-08-31 08:34:15,6.6257e-05,starting REDSVD
2022-08-31 08:34:15,7.0115e-05,retrieving REDSVD components
2022-08-31 08:34:15,1.9384e-05,triming REDSVD components to 9elements
2022-08-31 08:34:15,1.0706e-05,done REDSVD
2022-08-31 08:34:15,4.159e-05,S info: rows = 19: cols = 19: size = 361: nonzeros = 19
2022-08-31 08:34:15,2.0512e-05,JS
2022-08-31 08:34:15,0.00282231,JS.transpose() * q_mat * JS + lambda * S.transpose() * S
2022-08-31 08:34:15,0.0103253,S info: rows = 19: cols = 19: size = 361: nonzeros = 19
2022-08-31 08:34:15,4.7864e-05,commencing SVD factorization of lambda-scaled JtQJ
2022-08-31 08:34:15,1.0061e-05,starting REDSVD
2022-08-31 08:34:15,0.00010594,retrieving REDSVD components
2022-08-31 08:34:15,1.3506e-05,triming REDSVD components to 15elements
2022-08-31 08:34:15,1.0869e-05,done REDSVD
2022-08-31 08:34:15,4.914e-06,SVD factorization complete
2022-08-31 08:34:15,0.000185845,commencing linear algebra multiplication to compute ugrade
2022-08-31 08:34:15,8.67e-06,S info: rows = 19: cols = 19: size = 361: nonzeros = 19Vt info: rows = 15: cols = 19: size = 285: nonzeros = 285
2022-08-31 08:34:15,5.049e-06,U info: rows = 19: cols = 15: size = 285: nonzeros = 285
2022-08-31 08:34:15,4.984e-06,jac info: rows = 15344: cols = 19: size = 291536: nonzeros = 290492
2022-08-31 08:34:15,0.00554638,linear algebra multiplication to compute ugrade complete
2022-08-31 08:34:15,5.9634e-05,commencing check of parameter bounds and gradients
2022-08-31 08:34:15,1.9757e-05,commencing calculation of upgrade vector
2022-08-31 08:34:15,0.0847728,forming JtQJ matrix
2022-08-31 08:34:15,0.00886893,commencing to scale JtQJ matrix- first SVD...
2022-08-31 08:34:15,4.7357e-05,starting REDSVD
2022-08-31 08:34:15,5.7796e-05,retrieving REDSVD components
2022-08-31 08:34:15,1.3181e-05,triming REDSVD components to 9elements
2022-08-31 08:34:15,9.055e-06,done REDSVD
2022-08-31 08:34:15,1.9104e-05,S info: rows = 19: cols = 19: size = 361: nonzeros = 19
2022-08-31 08:34:15,5.415e-06,JS
2022-08-31 08:34:15,0.00259893,JS.transpose() * q_mat * JS + lambda * S.transpose() * S
2022-08-31 08:34:15,0.00989574,S info: rows = 19: cols = 19: size = 361: nonzeros = 19
2022-08-31 08:34:15,4.7541e-05,commencing SVD factorization of lambda-scaled JtQJ
2022-08-31 08:34:15,1.8649e-05,starting REDSVD
2022-08-31 08:34:15,0.000118366,retrieving REDSVD components
2022-08-31 08:34:15,2.9473e-05,triming REDSVD components to 15elements
2022-08-31 08:34:15,1.446e-05,done REDSVD
2022-08-31 08:34:15,5.416e-06,SVD factorization complete
2022-08-31 08:34:15,0.000146764,commencing linear algebra multiplication to compute ugrade
2022-08-31 08:34:15,6.375e-06,S info: rows = 19: cols = 19: size = 361: nonzeros = 19Vt info: rows = 15: cols = 19: size = 285: nonzeros = 285
2022-08-31 08:34:15,5.082e-06,U info: rows = 19: cols = 15: size = 285: nonzeros = 285
2022-08-31 08:34:15,4.911e-06,jac info: rows = 15344: cols = 19: size = 291536: nonzeros = 290492
2022-08-31 08:34:15,0.00565397,linear algebra multiplication to compute ugrade complete
2022-08-31 08:34:15,7.0938e-05,commencing check of parameter bounds
2022-08-31 08:34:15,2.8294e-05,limiting out of bounds pars
2022-08-31 08:34:15,1.9731e-05,change limit/bound enforement for lambda 10: upper bound,PERM_M, scaling factor: 0.0115955
2022-08-31 08:34:15,5.709e-06,checking for denormal floating point values
2022-08-31 08:34:15,5.848e-06,transforming upgrade pars to model pars
2022-08-31 08:34:15,5.851e-06,writing upgrade vector to csv file
2022-08-31 08:34:15,0.00011464,beginning upgrade vector calculations, lambda = 100
2022-08-31 08:34:15,3.1501e-05,commencing calculation of upgrade vector
2022-08-31 08:34:15,0.0858622,forming JtQJ matrix
2022-08-31 08:34:15,0.00907697,commencing to scale JtQJ matrix- first SVD...
2022-08-31 08:34:15,4.7786e-05,starting REDSVD
2022-08-31 08:34:15,5.7009e-05,retrieving REDSVD components
2022-08-31 08:34:15,1.2768e-05,triming REDSVD components to 9elements
2022-08-31 08:34:15,9.034e-06,done REDSVD
2022-08-31 08:34:15,1.9414e-05,S info: rows = 19: cols = 19: size = 361: nonzeros = 19
2022-08-31 08:34:15,5.964e-06,JS
2022-08-31 08:34:15,0.00267862,JS.transpose() * q_mat * JS + lambda * S.transpose() * S
2022-08-31 08:34:15,0.0102233,S info: rows = 19: cols = 19: size = 361: nonzeros = 19
2022-08-31 08:34:15,4.7919e-05,commencing SVD factorization of lambda-scaled JtQJ
2022-08-31 08:34:15,9.588e-06,starting REDSVD
2022-08-31 08:34:15,0.000110829,retrieving REDSVD components
2022-08-31 08:34:15,1.4151e-05,triming REDSVD components to 15elements
2022-08-31 08:34:15,9.711e-06,done REDSVD
2022-08-31 08:34:15,5.473e-06,SVD factorization complete
2022-08-31 08:34:15,0.000181893,commencing linear algebra multiplication to compute ugrade
2022-08-31 08:34:15,2.4836e-05,S info: rows = 19: cols = 19: size = 361: nonzeros = 19Vt info: rows = 15: cols = 19: size = 285: nonzeros = 285
2022-08-31 08:34:15,9.15e-06,U info: rows = 19: cols = 15: size = 285: nonzeros = 285
2022-08-31 08:34:15,5.195e-06,jac info: rows = 15344: cols = 19: size = 291536: nonzeros = 290492
2022-08-31 08:34:15,0.00555657,linear algebra multiplication to compute ugrade complete
2022-08-31 08:34:15,6.5015e-05,commencing check of parameter bounds and gradients
2022-08-31 08:34:15,2.3823e-05,commencing calculation of upgrade vector
2022-08-31 08:34:15,0.0864787,forming JtQJ matrix
2022-08-31 08:34:15,0.00905144,commencing to scale JtQJ matrix- first SVD...
2022-08-31 08:34:15,4.6657e-05,starting REDSVD
2022-08-31 08:34:15,5.5514e-05,retrieving REDSVD components
2022-08-31 08:34:15,1.2686e-05,triming REDSVD components to 9elements
2022-08-31 08:34:15,8.959e-06,done REDSVD
2022-08-31 08:34:15,1.8933e-05,S info: rows = 19: cols = 19: size = 361: nonzeros = 19
2022-08-31 08:34:15,7.479e-06,JS
2022-08-31 08:34:15,0.00287776,JS.transpose() * q_mat * JS + lambda * S.transpose() * S
2022-08-31 08:34:15,0.0101064,S info: rows = 19: cols = 19: size = 361: nonzeros = 19
2022-08-31 08:34:15,4.7266e-05,commencing SVD factorization of lambda-scaled JtQJ
2022-08-31 08:34:15,1.0306e-05,starting REDSVD
2022-08-31 08:34:15,0.00011146,retrieving REDSVD components
2022-08-31 08:34:15,2.4618e-05,triming REDSVD components to 15elements
2022-08-31 08:34:15,1.5049e-05,done REDSVD
2022-08-31 08:34:15,5.773e-06,SVD factorization complete
2022-08-31 08:34:15,0.000195889,commencing linear algebra multiplication to compute ugrade
2022-08-31 08:34:15,9.101e-06,S info: rows = 19: cols = 19: size = 361: nonzeros = 19Vt info: rows = 15: cols = 19: size = 285: nonzeros = 285
2022-08-31 08:34:15,5.359e-06,U info: rows = 19: cols = 15: size = 285: nonzeros = 285
2022-08-31 08:34:15,4.892e-06,jac info: rows = 15344: cols = 19: size = 291536: nonzeros = 290492
2022-08-31 08:34:15,0.0055911,linear algebra multiplication to compute ugrade complete
2022-08-31 08:34:15,6.2177e-05,commencing check of parameter bounds
2022-08-31 08:34:15,1.6838e-05,limiting out of bounds pars
2022-08-31 08:34:15,1.9445e-05,change limit/bound enforement for lambda 100: upper bound,PERM_M, scaling factor: 0.0115775
2022-08-31 08:34:15,6.05e-06,checking for denormal floating point values
2022-08-31 08:34:15,6.142e-06,transforming upgrade pars to model pars
2022-08-31 08:34:15,1.4554e-05,writing upgrade vector to csv file
2022-08-31 08:34:15,0.00011608,beginning upgrade vector calculations, lambda = 1000
2022-08-31 08:34:15,3.0404e-05,commencing calculation of upgrade vector
2022-08-31 08:34:15,0.0853166,forming JtQJ matrix
2022-08-31 08:34:15,0.00914793,commencing to scale JtQJ matrix- first SVD...
2022-08-31 08:34:15,4.8828e-05,starting REDSVD
2022-08-31 08:34:15,5.6626e-05,retrieving REDSVD components
2022-08-31 08:34:15,1.2587e-05,triming REDSVD components to 9elements
2022-08-31 08:34:15,8.756e-06,done REDSVD
2022-08-31 08:34:15,1.9332e-05,S info: rows = 19: cols = 19: size = 361: nonzeros = 19
2022-08-31 08:34:15,7.66e-06,JS
2022-08-31 08:34:15,0.00262367,JS.transpose() * q_mat * JS + lambda * S.transpose() * S
2022-08-31 08:34:15,0.0102751,S info: rows = 19: cols = 19: size = 361: nonzeros = 19
2022-08-31 08:34:15,6.7835e-05,commencing SVD factorization of lambda-scaled JtQJ
2022-08-31 08:34:15,1.3252e-05,starting REDSVD
2022-08-31 08:34:15,0.000111884,retrieving REDSVD components
2022-08-31 08:34:15,2.5623e-05,triming REDSVD components to 14elements
2022-08-31 08:34:15,1.4183e-05,done REDSVD
2022-08-31 08:34:15,6.058e-06,SVD factorization complete
2022-08-31 08:34:15,0.000179788,commencing linear algebra multiplication to compute ugrade
2022-08-31 08:34:15,8.585e-06,S info: rows = 19: cols = 19: size = 361: nonzeros = 19Vt info: rows = 14: cols = 19: size = 266: nonzeros = 266
2022-08-31 08:34:15,5.028e-06,U info: rows = 19: cols = 14: size = 266: nonzeros = 266
2022-08-31 08:34:15,4.865e-06,jac info: rows = 15344: cols = 19: size = 291536: nonzeros = 290492
2022-08-31 08:34:15,0.00551873,linear algebra multiplication to compute ugrade complete
2022-08-31 08:34:15,5.9749e-05,commencing check of parameter bounds and gradients
2022-08-31 08:34:15,1.9613e-05,commencing calculation of upgrade vector
2022-08-31 08:34:15,0.0873363,forming JtQJ matrix
2022-08-31 08:34:15,0.00940542,commencing to scale JtQJ matrix- first SVD...
2022-08-31 08:34:15,4.9644e-05,starting REDSVD
2022-08-31 08:34:15,5.8468e-05,retrieving REDSVD components
2022-08-31 08:34:15,1.3335e-05,triming REDSVD components to 9elements
2022-08-31 08:34:15,9.143e-06,done REDSVD
2022-08-31 08:34:15,1.9608e-05,S info: rows = 19: cols = 19: size = 361: nonzeros = 19
2022-08-31 08:34:15,1.6782e-05,JS
2022-08-31 08:34:15,0.00262765,JS.transpose() * q_mat * JS + lambda * S.transpose() * S
2022-08-31 08:34:15,0.0101958,S info: rows = 19: cols = 19: size = 361: nonzeros = 19
2022-08-31 08:34:15,6.0397e-05,commencing SVD factorization of lambda-scaled JtQJ
2022-08-31 08:34:15,1.2698e-05,starting REDSVD
2022-08-31 08:34:15,0.000119953,retrieving REDSVD components
2022-08-31 08:34:15,2.9856e-05,triming REDSVD components to 14elements
2022-08-31 08:34:15,1.444e-05,done REDSVD
2022-08-31 08:34:15,5.355e-06,SVD factorization complete
2022-08-31 08:34:15,0.000186884,commencing linear algebra multiplication to compute ugrade
2022-08-31 08:34:15,8.795e-06,S info: rows = 19: cols = 19: size = 361: nonzeros = 19Vt info: rows = 14: cols = 19: size = 266: nonzeros = 266
2022-08-31 08:34:15,5.362e-06,U info: rows = 19: cols = 14: size = 266: nonzeros = 266
2022-08-31 08:34:15,5.103e-06,jac info: rows = 15344: cols = 19: size = 291536: nonzeros = 290492
2022-08-31 08:34:15,0.00557121,linear algebra multiplication to compute ugrade complete
2022-08-31 08:34:15,6.5577e-05,commencing check of parameter bounds
2022-08-31 08:34:15,1.7767e-05,limiting out of bounds pars
2022-08-31 08:34:15,1.8112e-05,change limit/bound enforement for lambda 1000: ,, scaling factor: 1
2022-08-31 08:34:15,5.836e-06,checking for denormal floating point values
2022-08-31 08:34:15,5.961e-06,transforming upgrade pars to model pars
2022-08-31 08:34:15,5.806e-06,writing upgrade vector to csv file
2022-08-31 08:34:15,0.00391697,LinearAnalysis::glm_iter_fosm
2022-08-31 08:34:15,4.5557e-05,starting FOSM uncertainty analyses for iteration 2
2022-08-31 08:34:15,0.0602299,loading obscov
2022-08-31 08:34:15,0.0021681,loading parcov
2022-08-31 08:34:15,0.00106459,set_predictions
2022-08-31 08:34:15,0.00301275,parameter fosm calcs
2022-08-31 08:34:15,5.5994e-05,LinearAnalysis::calc_posterior
2022-08-31 08:34:15,1.3128e-05,LinearAnalysis::align
2022-08-31 08:34:15,0.0162813,LinearAnalysis::prior_prediction_variance()::invert obscov
2022-08-31 08:34:15,6.5528e-05,inverting diagonal matrix in place
2022-08-31 08:34:15,0.00024544,LinearAnalysis::calc_posterior() form JtQJ
2022-08-31 08:34:15,0.0184822,LinearAnalysis::calc_posterior() invert prior parcov
2022-08-31 08:34:15,0.000111735,LinearAnalysis::calc_posterior() form posterior parcov
2022-08-31 08:34:15,3.1017e-05,LinearAnalysis::calc_posterior() invert posterior parcov
2022-08-31 08:34:15,1.9311e-05,inverting non-diagonal matrix in place
2022-08-31 08:58:34,1459.03,completed iteration 3
2022-08-31 08:58:35,0.223301,beginning iteration 4
2022-08-31 08:58:35,2.5101e-05,commencing to build jacobian parameter sets
2022-08-31 08:58:35,0.00366398,jacobian parameter sets built, commencing model runs
2022-08-31 11:57:48,10753.8,jacobian runs complete, processing runs
2022-08-31 11:57:49,0.148351,processing jacobian runs complete
2022-08-31 11:57:49,5.7622e-05,saving jacobian and sen files
2022-08-31 11:57:49,0.0948688,commencing calculation of upgrade vector
2022-08-31 11:57:49,0.0615249,forming JtQJ matrix
2022-08-31 11:57:49,0.0105333,commencing to scale JtQJ matrix- first SVD...
2022-08-31 11:57:49,5.2351e-05,starting REDSVD
2022-08-31 11:57:49,8.8944e-05,retrieving REDSVD components
2022-08-31 11:57:49,3.1183e-05,triming REDSVD components to 16elements
2022-08-31 11:57:49,1.374e-05,done REDSVD
2022-08-31 11:57:49,2.36e-05,S info: rows = 21: cols = 21: size = 441: nonzeros = 21
2022-08-31 11:57:49,2.3421e-05,JS
2022-08-31 11:57:49,0.00271255,JS.transpose() * q_mat * JS + lambda * S.transpose() * S
2022-08-31 11:57:49,0.0118923,S info: rows = 21: cols = 21: size = 441: nonzeros = 21
2022-08-31 11:57:49,5.0257e-05,commencing SVD factorization of lambda-scaled JtQJ
2022-08-31 11:57:49,1.0014e-05,starting REDSVD
2022-08-31 11:57:49,0.000113582,retrieving REDSVD components
2022-08-31 11:57:49,2.6168e-05,triming REDSVD components to 16elements
2022-08-31 11:57:49,1.4218e-05,done REDSVD
2022-08-31 11:57:49,5.408e-06,SVD factorization complete
2022-08-31 11:57:49,0.000263761,commencing linear algebra multiplication to compute ugrade
2022-08-31 11:57:49,2.0505e-05,S info: rows = 21: cols = 21: size = 441: nonzeros = 21Vt info: rows = 16: cols = 21: size = 336: nonzeros = 336
2022-08-31 11:57:49,8.626e-06,U info: rows = 21: cols = 16: size = 336: nonzeros = 336
2022-08-31 11:57:49,5.297e-06,jac info: rows = 15344: cols = 21: size = 322224: nonzeros = 320590
2022-08-31 11:57:49,0.00608659,linear algebra multiplication to compute ugrade complete
2022-08-31 11:57:49,6.0779e-05,commencing check of parameter bounds and gradients
2022-08-31 11:57:49,0.00291437,beginning upgrade vector calculations, lambda = 0.1
2022-08-31 11:57:49,3.6208e-05,commencing calculation of upgrade vector
2022-08-31 11:57:49,0.0859606,forming JtQJ matrix
2022-08-31 11:57:49,0.00940005,commencing to scale JtQJ matrix- first SVD...
2022-08-31 11:57:49,4.7617e-05,starting REDSVD
2022-08-31 11:57:49,5.5921e-05,retrieving REDSVD components
2022-08-31 11:57:49,1.2442e-05,triming REDSVD components to 8elements
2022-08-31 11:57:49,8.649e-06,done REDSVD
2022-08-31 11:57:49,1.9041e-05,S info: rows = 19: cols = 19: size = 361: nonzeros = 19
2022-08-31 11:57:49,8.116e-06,JS
2022-08-31 11:57:49,0.00257089,JS.transpose() * q_mat * JS + lambda * S.transpose() * S
2022-08-31 11:57:49,0.00999614,S info: rows = 19: cols = 19: size = 361: nonzeros = 19
2022-08-31 11:57:49,4.7451e-05,commencing SVD factorization of lambda-scaled JtQJ
2022-08-31 11:57:49,1.0041e-05,starting REDSVD
2022-08-31 11:57:49,8.6454e-05,retrieving REDSVD components
2022-08-31 11:57:49,2.52e-05,triming REDSVD components to 14elements
2022-08-31 11:57:49,1.3866e-05,done REDSVD
2022-08-31 11:57:49,5.452e-06,SVD factorization complete
2022-08-31 11:57:49,0.000167276,commencing linear algebra multiplication to compute ugrade
2022-08-31 11:57:49,1.4087e-05,S info: rows = 19: cols = 19: size = 361: nonzeros = 19Vt info: rows = 14: cols = 19: size = 266: nonzeros = 266
2022-08-31 11:57:49,6.163e-06,U info: rows = 19: cols = 14: size = 266: nonzeros = 266
2022-08-31 11:57:49,5.112e-06,jac info: rows = 15344: cols = 19: size = 291536: nonzeros = 290640
2022-08-31 11:57:49,0.00564537,linear algebra multiplication to compute ugrade complete
2022-08-31 11:57:49,6.19e-05,commencing check of parameter bounds and gradients
2022-08-31 11:57:49,1.9037e-05,commencing calculation of upgrade vector
2022-08-31 11:57:49,0.0854147,forming JtQJ matrix
2022-08-31 11:57:49,0.00904743,commencing to scale JtQJ matrix- first SVD...
2022-08-31 11:57:49,5.4751e-05,starting REDSVD
2022-08-31 11:57:49,6.5358e-05,retrieving REDSVD components
2022-08-31 11:57:49,1.7573e-05,triming REDSVD components to 8elements
2022-08-31 11:57:49,9.123e-06,done REDSVD
2022-08-31 11:57:49,3.2289e-05,S info: rows = 19: cols = 19: size = 361: nonzeros = 19
2022-08-31 11:57:49,9.72e-06,JS
2022-08-31 11:57:49,0.00249827,JS.transpose() * q_mat * JS + lambda * S.transpose() * S
2022-08-31 11:57:49,0.0101621,S info: rows = 19: cols = 19: size = 361: nonzeros = 19
2022-08-31 11:57:49,4.6608e-05,commencing SVD factorization of lambda-scaled JtQJ
2022-08-31 11:57:49,1.0359e-05,starting REDSVD
2022-08-31 11:57:49,8.5646e-05,retrieving REDSVD components
2022-08-31 11:57:49,3.2163e-05,triming REDSVD components to 14elements
2022-08-31 11:57:49,1.4289e-05,done REDSVD
2022-08-31 11:57:49,1.7078e-05,SVD factorization complete
2022-08-31 11:57:49,0.000171336,commencing linear algebra multiplication to compute ugrade
2022-08-31 11:57:49,1.0114e-05,S info: rows = 19: cols = 19: size = 361: nonzeros = 19Vt info: rows = 14: cols = 19: size = 266: nonzeros = 266
2022-08-31 11:57:49,5.742e-06,U info: rows = 19: cols = 14: size = 266: nonzeros = 266
2022-08-31 11:57:49,5.008e-06,jac info: rows = 15344: cols = 19: size = 291536: nonzeros = 290640
2022-08-31 11:57:49,0.0055456,linear algebra multiplication to compute ugrade complete
2022-08-31 11:57:49,5.5777e-05,commencing check of parameter bounds
2022-08-31 11:57:49,1.6683e-05,limiting out of bounds pars
2022-08-31 11:57:49,1.8331e-05,change limit/bound enforement for lambda 0.1: lower bound,PERM_P, scaling factor: 2.99237e-06
2022-08-31 11:57:49,3.514e-05,checking for denormal floating point values
2022-08-31 11:57:49,9.496e-06,transforming upgrade pars to model pars
2022-08-31 11:57:49,6.632e-06,writing upgrade vector to csv file
2022-08-31 11:57:49,0.00013364,beginning upgrade vector calculations, lambda = 1
2022-08-31 11:57:49,3.1451e-05,commencing calculation of upgrade vector
2022-08-31 11:57:49,0.0850408,forming JtQJ matrix
2022-08-31 11:57:49,0.00905697,commencing to scale JtQJ matrix- first SVD...
2022-08-31 11:57:49,4.7763e-05,starting REDSVD
2022-08-31 11:57:49,5.5547e-05,retrieving REDSVD components
2022-08-31 11:57:49,1.2603e-05,triming REDSVD components to 8elements
2022-08-31 11:57:49,8.546e-06,done REDSVD
2022-08-31 11:57:49,1.928e-05,S info: rows = 19: cols = 19: size = 361: nonzeros = 19
2022-08-31 11:57:49,1.7694e-05,JS
2022-08-31 11:57:49,0.00232583,JS.transpose() * q_mat * JS + lambda * S.transpose() * S
2022-08-31 11:57:49,0.0100379,S info: rows = 19: cols = 19: size = 361: nonzeros = 19
2022-08-31 11:57:49,6.8672e-05,commencing SVD factorization of lambda-scaled JtQJ
2022-08-31 11:57:49,1.2864e-05,starting REDSVD
2022-08-31 11:57:49,8.6959e-05,retrieving REDSVD components
2022-08-31 11:57:49,2.6723e-05,triming REDSVD components to 14elements
2022-08-31 11:57:49,1.42e-05,done REDSVD
2022-08-31 11:57:49,5.617e-06,SVD factorization complete
2022-08-31 11:57:49,0.000141427,commencing linear algebra multiplication to compute ugrade
2022-08-31 11:57:49,5.79e-06,S info: rows = 19: cols = 19: size = 361: nonzeros = 19Vt info: rows = 14: cols = 19: size = 266: nonzeros = 266
2022-08-31 11:57:49,5.169e-06,U info: rows = 19: cols = 14: size = 266: nonzeros = 266
2022-08-31 11:57:49,4.857e-06,jac info: rows = 15344: cols = 19: size = 291536: nonzeros = 290640
2022-08-31 11:57:49,0.00585768,linear algebra multiplication to compute ugrade complete
2022-08-31 11:57:49,8.101e-05,commencing check of parameter bounds and gradients
2022-08-31 11:57:49,2.229e-05,commencing calculation of upgrade vector
2022-08-31 11:57:49,0.0848267,forming JtQJ matrix
2022-08-31 11:57:49,0.00931681,commencing to scale JtQJ matrix- first SVD...
2022-08-31 11:57:49,4.8231e-05,starting REDSVD
2022-08-31 11:57:49,5.6049e-05,retrieving REDSVD components
2022-08-31 11:57:49,1.2541e-05,triming REDSVD components to 8elements
2022-08-31 11:57:49,8.643e-06,done REDSVD
2022-08-31 11:57:49,1.8985e-05,S info: rows = 19: cols = 19: size = 361: nonzeros = 19
2022-08-31 11:57:49,5.964e-06,JS
2022-08-31 11:57:49,0.00239787,JS.transpose() * q_mat * JS + lambda * S.transpose() * S
2022-08-31 11:57:49,0.0101195,S info: rows = 19: cols = 19: size = 361: nonzeros = 19
2022-08-31 11:57:49,4.6921e-05,commencing SVD factorization of lambda-scaled JtQJ
2022-08-31 11:57:49,9.538e-06,starting REDSVD
2022-08-31 11:57:49,8.5952e-05,retrieving REDSVD components
2022-08-31 11:57:49,2.3563e-05,triming REDSVD components to 14elements
2022-08-31 11:57:49,1.3685e-05,done REDSVD
2022-08-31 11:57:49,5.17e-06,SVD factorization complete
2022-08-31 11:57:49,0.000189738,commencing linear algebra multiplication to compute ugrade
2022-08-31 11:57:49,1.8427e-05,S info: rows = 19: cols = 19: size = 361: nonzeros = 19Vt info: rows = 14: cols = 19: size = 266: nonzeros = 266
2022-08-31 11:57:49,8.425e-06,U info: rows = 19: cols = 14: size = 266: nonzeros = 266
2022-08-31 11:57:49,5.494e-06,jac info: rows = 15344: cols = 19: size = 291536: nonzeros = 290640
2022-08-31 11:57:49,0.00571358,linear algebra multiplication to compute ugrade complete
2022-08-31 11:57:49,5.9604e-05,commencing check of parameter bounds
2022-08-31 11:57:49,1.7289e-05,limiting out of bounds pars
2022-08-31 11:57:49,1.842e-05,change limit/bound enforement for lambda 1: lower bound,PERM_P, scaling factor: 2.55413e-06
2022-08-31 11:57:49,3.3777e-05,checking for denormal floating point values
2022-08-31 11:57:49,9.564e-06,transforming upgrade pars to model pars
2022-08-31 11:57:49,6.624e-06,writing upgrade vector to csv file
2022-08-31 11:57:49,0.000130172,beginning upgrade vector calculations, lambda = 10
2022-08-31 11:57:49,2.4982e-05,commencing calculation of upgrade vector
2022-08-31 11:57:49,0.0850045,forming JtQJ matrix
2022-08-31 11:57:49,0.00906729,commencing to scale JtQJ matrix- first SVD...
2022-08-31 11:57:49,4.7935e-05,starting REDSVD
2022-08-31 11:57:49,5.7325e-05,retrieving REDSVD components
2022-08-31 11:57:49,1.2884e-05,triming REDSVD components to 8elements
2022-08-31 11:57:49,8.588e-06,done REDSVD
2022-08-31 11:57:49,1.8575e-05,S info: rows = 19: cols = 19: size = 361: nonzeros = 19
2022-08-31 11:57:49,6.118e-06,JS
2022-08-31 11:57:49,0.00235465,JS.transpose() * q_mat * JS + lambda * S.transpose() * S
2022-08-31 11:57:49,0.0102619,S info: rows = 19: cols = 19: size = 361: nonzeros = 19
2022-08-31 11:57:49,6.104e-05,commencing SVD factorization of lambda-scaled JtQJ
2022-08-31 11:57:49,1.0763e-05,starting REDSVD
2022-08-31 11:57:49,8.5964e-05,retrieving REDSVD components
2022-08-31 11:57:49,2.5649e-05,triming REDSVD components to 14elements
2022-08-31 11:57:49,1.3863e-05,done REDSVD
2022-08-31 11:57:49,5.433e-06,SVD factorization complete
2022-08-31 11:57:49,0.000168738,commencing linear algebra multiplication to compute ugrade
2022-08-31 11:57:49,8.821e-06,S info: rows = 19: cols = 19: size = 361: nonzeros = 19Vt info: rows = 14: cols = 19: size = 266: nonzeros = 266
2022-08-31 11:57:49,5.586e-06,U info: rows = 19: cols = 14: size = 266: nonzeros = 266
2022-08-31 11:57:49,4.96e-06,jac info: rows = 15344: cols = 19: size = 291536: nonzeros = 290640
2022-08-31 11:57:49,0.0056967,linear algebra multiplication to compute ugrade complete
2022-08-31 11:57:49,5.7137e-05,commencing check of parameter bounds and gradients
2022-08-31 11:57:49,1.8119e-05,commencing calculation of upgrade vector
2022-08-31 11:57:49,0.0853663,forming JtQJ matrix
2022-08-31 11:57:49,0.00908006,commencing to scale JtQJ matrix- first SVD...
2022-08-31 11:57:49,4.8546e-05,starting REDSVD
2022-08-31 11:57:49,6.538e-05,retrieving REDSVD components
2022-08-31 11:57:49,1.7037e-05,triming REDSVD components to 8elements
2022-08-31 11:57:49,9.296e-06,done REDSVD
2022-08-31 11:57:49,1.8796e-05,S info: rows = 19: cols = 19: size = 361: nonzeros = 19
2022-08-31 11:57:49,7.659e-06,JS
2022-08-31 11:57:49,0.00241788,JS.transpose() * q_mat * JS + lambda * S.transpose() * S
2022-08-31 11:57:49,0.010141,S info: rows = 19: cols = 19: size = 361: nonzeros = 19
2022-08-31 11:57:49,5.7793e-05,commencing SVD factorization of lambda-scaled JtQJ
2022-08-31 11:57:49,1.0724e-05,starting REDSVD
2022-08-31 11:57:49,8.6795e-05,retrieving REDSVD components
2022-08-31 11:57:49,2.4307e-05,triming REDSVD components to 14elements
2022-08-31 11:57:49,1.4176e-05,done REDSVD
2022-08-31 11:57:49,5.389e-06,SVD factorization complete
2022-08-31 11:57:49,0.000188568,commencing linear algebra multiplication to compute ugrade
2022-08-31 11:57:49,1.8594e-05,S info: rows = 19: cols = 19: size = 361: nonzeros = 19Vt info: rows = 14: cols = 19: size = 266: nonzeros = 266
2022-08-31 11:57:49,8.364e-06,U info: rows = 19: cols = 14: size = 266: nonzeros = 266
2022-08-31 11:57:49,5.427e-06,jac info: rows = 15344: cols = 19: size = 291536: nonzeros = 290640
2022-08-31 11:57:49,0.0056467,linear algebra multiplication to compute ugrade complete
2022-08-31 11:57:49,7.001e-05,commencing check of parameter bounds
2022-08-31 11:57:49,2.1295e-05,limiting out of bounds pars
2022-08-31 11:57:49,1.9325e-05,change limit/bound enforement for lambda 10: lower bound,PERM_P, scaling factor: 2.91414e-06
2022-08-31 11:57:49,1.9917e-05,checking for denormal floating point values
2022-08-31 11:57:49,7.077e-06,transforming upgrade pars to model pars
2022-08-31 11:57:49,5.728e-06,writing upgrade vector to csv file
2022-08-31 11:57:49,0.000126186,beginning upgrade vector calculations, lambda = 100
2022-08-31 11:57:49,2.8709e-05,commencing calculation of upgrade vector
2022-08-31 11:57:50,0.0855122,forming JtQJ matrix
2022-08-31 11:57:50,0.00920404,commencing to scale JtQJ matrix- first SVD...
2022-08-31 11:57:50,5.714e-05,starting REDSVD
2022-08-31 11:57:50,5.625e-05,retrieving REDSVD components
2022-08-31 11:57:50,1.1505e-05,triming REDSVD components to 8elements
2022-08-31 11:57:50,9.275e-06,done REDSVD
2022-08-31 11:57:50,1.8625e-05,S info: rows = 19: cols = 19: size = 361: nonzeros = 19
2022-08-31 11:57:50,7.163e-06,JS
2022-08-31 11:57:50,0.0024171,JS.transpose() * q_mat * JS + lambda * S.transpose() * S
2022-08-31 11:57:50,0.0102838,S info: rows = 19: cols = 19: size = 361: nonzeros = 19
2022-08-31 11:57:50,5.7398e-05,commencing SVD factorization of lambda-scaled JtQJ
2022-08-31 11:57:50,1.2553e-05,starting REDSVD
2022-08-31 11:57:50,0.000105148,retrieving REDSVD components
2022-08-31 11:57:50,2.8943e-05,triming REDSVD components to 14elements
2022-08-31 11:57:50,1.4135e-05,done REDSVD
2022-08-31 11:57:50,5.695e-06,SVD factorization complete
2022-08-31 11:57:50,0.000167836,commencing linear algebra multiplication to compute ugrade
2022-08-31 11:57:50,1.8666e-05,S info: rows = 19: cols = 19: size = 361: nonzeros = 19Vt info: rows = 14: cols = 19: size = 266: nonzeros = 266
2022-08-31 11:57:50,8.619e-06,U info: rows = 19: cols = 14: size = 266: nonzeros = 266
2022-08-31 11:57:50,5.459e-06,jac info: rows = 15344: cols = 19: size = 291536: nonzeros = 290640
2022-08-31 11:57:50,0.0055809,linear algebra multiplication to compute ugrade complete
2022-08-31 11:57:50,5.9028e-05,commencing check of parameter bounds and gradients
2022-08-31 11:57:50,2.7996e-05,commencing calculation of upgrade vector
2022-08-31 11:57:50,0.0850386,forming JtQJ matrix
2022-08-31 11:57:50,0.0098412,commencing to scale JtQJ matrix- first SVD...
2022-08-31 11:57:50,5.0193e-05,starting REDSVD
2022-08-31 11:57:50,5.7043e-05,retrieving REDSVD components
2022-08-31 11:57:50,1.2872e-05,triming REDSVD components to 8elements
2022-08-31 11:57:50,9.11e-06,done REDSVD
2022-08-31 11:57:50,4.1325e-05,S info: rows = 19: cols = 19: size = 361: nonzeros = 19
2022-08-31 11:57:50,1.1861e-05,JS
2022-08-31 11:57:50,0.00238591,JS.transpose() * q_mat * JS + lambda * S.transpose() * S
2022-08-31 11:57:50,0.0106519,S info: rows = 19: cols = 19: size = 361: nonzeros = 19
2022-08-31 11:57:50,5.822e-05,commencing SVD factorization of lambda-scaled JtQJ
2022-08-31 11:57:50,1.0113e-05,starting REDSVD
2022-08-31 11:57:50,9.5842e-05,retrieving REDSVD components
2022-08-31 11:57:50,2.4744e-05,triming REDSVD components to 14elements
2022-08-31 11:57:50,1.3898e-05,done REDSVD
2022-08-31 11:57:50,6.208e-06,SVD factorization complete
2022-08-31 11:57:50,0.00017412,commencing linear algebra multiplication to compute ugrade
2022-08-31 11:57:50,8.713e-06,S info: rows = 19: cols = 19: size = 361: nonzeros = 19Vt info: rows = 14: cols = 19: size = 266: nonzeros = 266
2022-08-31 11:57:50,5.275e-06,U info: rows = 19: cols = 14: size = 266: nonzeros = 266
2022-08-31 11:57:50,4.974e-06,jac info: rows = 15344: cols = 19: size = 291536: nonzeros = 290640
2022-08-31 11:57:50,0.00576228,linear algebra multiplication to compute ugrade complete
2022-08-31 11:57:50,5.8056e-05,commencing check of parameter bounds
2022-08-31 11:57:50,1.756e-05,limiting out of bounds pars
2022-08-31 11:57:50,1.8662e-05,change limit/bound enforement for lambda 100: lower bound,PERM_P, scaling factor: 4.37028e-06
2022-08-31 11:57:50,3.7633e-05,checking for denormal floating point values
2022-08-31 11:57:50,9.553e-06,transforming upgrade pars to model pars
2022-08-31 11:57:50,6.493e-06,writing upgrade vector to csv file
2022-08-31 11:57:50,0.000110438,beginning upgrade vector calculations, lambda = 1000
2022-08-31 11:57:50,3.7916e-05,commencing calculation of upgrade vector
2022-08-31 11:57:50,0.0853664,forming JtQJ matrix
2022-08-31 11:57:50,0.00928908,commencing to scale JtQJ matrix- first SVD...
2022-08-31 11:57:50,5.1137e-05,starting REDSVD
2022-08-31 11:57:50,5.6769e-05,retrieving REDSVD components
2022-08-31 11:57:50,1.2394e-05,triming REDSVD components to 8elements
2022-08-31 11:57:50,8.73e-06,done REDSVD
2022-08-31 11:57:50,1.9002e-05,S info: rows = 19: cols = 19: size = 361: nonzeros = 19
2022-08-31 11:57:50,6.119e-06,JS
2022-08-31 11:57:50,0.00241645,JS.transpose() * q_mat * JS + lambda * S.transpose() * S
2022-08-31 11:57:50,0.0100888,S info: rows = 19: cols = 19: size = 361: nonzeros = 19
2022-08-31 11:57:50,5.3488e-05,commencing SVD factorization of lambda-scaled JtQJ
2022-08-31 11:57:50,1.1002e-05,starting REDSVD
2022-08-31 11:57:50,9.3866e-05,retrieving REDSVD components
2022-08-31 11:57:50,2.5142e-05,triming REDSVD components to 13elements
2022-08-31 11:57:50,1.3619e-05,done REDSVD
2022-08-31 11:57:50,5.246e-06,SVD factorization complete
2022-08-31 11:57:50,0.000168347,commencing linear algebra multiplication to compute ugrade
2022-08-31 11:57:50,8.664e-06,S info: rows = 19: cols = 19: size = 361: nonzeros = 19Vt info: rows = 13: cols = 19: size = 247: nonzeros = 247
2022-08-31 11:57:50,5.211e-06,U info: rows = 19: cols = 13: size = 247: nonzeros = 247
2022-08-31 11:57:50,5.02e-06,jac info: rows = 15344: cols = 19: size = 291536: nonzeros = 290640
2022-08-31 11:57:50,0.00566078,linear algebra multiplication to compute ugrade complete
2022-08-31 11:57:50,5.5133e-05,commencing check of parameter bounds and gradients
2022-08-31 11:57:50,1.8813e-05,commencing calculation of upgrade vector
2022-08-31 11:57:50,0.0846087,forming JtQJ matrix
2022-08-31 11:57:50,0.00911128,commencing to scale JtQJ matrix- first SVD...
2022-08-31 11:57:50,5.7039e-05,starting REDSVD
2022-08-31 11:57:50,5.7719e-05,retrieving REDSVD components
2022-08-31 11:57:50,1.2617e-05,triming REDSVD components to 8elements
2022-08-31 11:57:50,9.118e-06,done REDSVD
2022-08-31 11:57:50,1.8543e-05,S info: rows = 19: cols = 19: size = 361: nonzeros = 19
2022-08-31 11:57:50,1.7069e-05,JS
2022-08-31 11:57:50,0.00235585,JS.transpose() * q_mat * JS + lambda * S.transpose() * S
2022-08-31 11:57:50,0.0103319,S info: rows = 19: cols = 19: size = 361: nonzeros = 19
2022-08-31 11:57:50,5.7049e-05,commencing SVD factorization of lambda-scaled JtQJ
2022-08-31 11:57:50,1.1612e-05,starting REDSVD
2022-08-31 11:57:50,9.391e-05,retrieving REDSVD components
2022-08-31 11:57:50,2.3621e-05,triming REDSVD components to 13elements
2022-08-31 11:57:50,1.3384e-05,done REDSVD
2022-08-31 11:57:50,5.11e-06,SVD factorization complete
2022-08-31 11:57:50,0.000157541,commencing linear algebra multiplication to compute ugrade
2022-08-31 11:57:50,8.662e-06,S info: rows = 19: cols = 19: size = 361: nonzeros = 19Vt info: rows = 13: cols = 19: size = 247: nonzeros = 247
2022-08-31 11:57:50,5.254e-06,U info: rows = 19: cols = 13: size = 247: nonzeros = 247
2022-08-31 11:57:50,4.783e-06,jac info: rows = 15344: cols = 19: size = 291536: nonzeros = 290640
2022-08-31 11:57:50,0.00565574,linear algebra multiplication to compute ugrade complete
2022-08-31 11:57:50,5.6773e-05,commencing check of parameter bounds
2022-08-31 11:57:50,1.801e-05,limiting out of bounds pars
2022-08-31 11:57:50,1.8265e-05,change limit/bound enforement for lambda 1000: ,, scaling factor: 1
2022-08-31 11:57:50,6.163e-06,checking for denormal floating point values
2022-08-31 11:57:50,6.009e-06,transforming upgrade pars to model pars
2022-08-31 11:57:50,6.043e-06,writing upgrade vector to csv file
2022-08-31 11:57:50,0.00352532,LinearAnalysis::glm_iter_fosm
2022-08-31 11:57:50,3.7111e-05,starting FOSM uncertainty analyses for iteration 3
2022-08-31 11:57:50,0.0566215,loading obscov
2022-08-31 11:57:50,0.00207052,loading parcov
2022-08-31 11:57:50,0.00106126,set_predictions
2022-08-31 11:57:50,0.00299855,parameter fosm calcs
2022-08-31 11:57:50,2.7518e-05,LinearAnalysis::calc_posterior
2022-08-31 11:57:50,9.558e-06,LinearAnalysis::align
2022-08-31 11:57:50,0.0163935,LinearAnalysis::prior_prediction_variance()::invert obscov
2022-08-31 11:57:50,5.4212e-05,inverting diagonal matrix in place
2022-08-31 11:57:50,0.000244165,LinearAnalysis::calc_posterior() form JtQJ
2022-08-31 11:57:50,0.0174531,LinearAnalysis::calc_posterior() invert prior parcov
2022-08-31 11:57:50,6.6835e-05,LinearAnalysis::calc_posterior() form posterior parcov
2022-08-31 11:57:50,1.7471e-05,LinearAnalysis::calc_posterior() invert posterior parcov
2022-08-31 11:57:50,5.452e-06,inverting non-diagonal matrix in place
2022-08-31 12:22:02,1452,completed iteration 4
2022-08-31 12:22:02,0.332231,FOSM-based posterior unc calcs
2022-08-31 12:22:02,0.00259714,starting FOSM uncertainty analyses for iteration -999
2022-08-31 12:22:02,0.0742052,loading obscov
2022-08-31 12:22:02,0.00210184,loading parcov
2022-08-31 12:22:02,0.00105435,set_predictions
2022-08-31 12:22:02,0.00300771,parameter fosm calcs
2022-08-31 12:22:02,2.5297e-05,LinearAnalysis::calc_posterior
2022-08-31 12:22:02,9.789e-06,LinearAnalysis::align
2022-08-31 12:22:02,0.0152,LinearAnalysis::prior_prediction_variance()::invert obscov
2022-08-31 12:22:02,4.7689e-05,inverting diagonal matrix in place
2022-08-31 12:22:02,0.000246234,LinearAnalysis::calc_posterior() form JtQJ
2022-08-31 12:22:02,0.0164093,LinearAnalysis::calc_posterior() invert prior parcov
2022-08-31 12:22:02,7.4916e-05,LinearAnalysis::calc_posterior() form posterior parcov
2022-08-31 12:22:02,1.562e-05,LinearAnalysis::calc_posterior() invert posterior parcov
2022-08-31 12:22:02,5.362e-06,inverting non-diagonal matrix in place
